sending incremental file list
.bash
.bash_history
.bash_logout
.bash_profile
.bashrc

sent 4,892 bytes  received 855 bytes  3,831.33 bytes/sec
total size is 12,262  speedup is 2.13
sending incremental file list
.bash
.bash_history
.bash_logout
.bash_profile
.bashrc

sent 8,544 bytes  received 843 bytes  6,258.00 bytes/sec
total size is 12,431  speedup is 1.32
sending incremental file list
.bash
.bash_history
.bash_logout
.bash_profile
.bashrc

sent 12,776 bytes  received 111 bytes  8,591.33 bytes/sec
total size is 12,431  speedup is 0.96
sending incremental file list

sent 106 bytes  received 12 bytes  236.00 bytes/sec
total size is 12,367  speedup is 104.81
sending incremental file list
.bash_history
.bash_logout
.bash_profile
.bashrc

sent 12,649 bytes  received 92 bytes  25,482.00 bytes/sec
total size is 12,367  speedup is 0.97
sending incremental file list
.bash

sent 241 bytes  received 47 bytes  192.00 bytes/sec
total size is 12,431  speedup is 43.16
sending incremental file list
.bash
.bash_history
.bash_logout
.bash_profile
.bashrc

sent 11,126 bytes  received 111 bytes  7,491.33 bytes/sec
total size is 10,790  speedup is 0.96
sending incremental file list
.bash
.bash_history
.bash_logout
.bash_profile
.bashrc

sent 6,215 bytes  received 855 bytes  14,140.00 bytes/sec
total size is 10,806  speedup is 1.53
sending incremental file list
.bash
.bash_history
.bash_logout
.bash_profile
.bashrc

sent 6,911 bytes  received 843 bytes  5,169.33 bytes/sec
total size is 10,806  speedup is 1.39
sending incremental file list
.bash
.bash_history
.bash_logout
.bash_profile
.bashrc

sent 7,175 bytes  received 843 bytes  5,345.33 bytes/sec
total size is 11,070  speedup is 1.38
sending incremental file list
.bash_history

sent 466 bytes  received 47 bytes  342.00 bytes/sec
total size is 11,077  speedup is 21.59
sending incremental file list
.bash_history

sent 483 bytes  received 47 bytes  353.33 bytes/sec
total size is 11,094  speedup is 20.93
sending incremental file list
.bash_history

sent 483 bytes  received 47 bytes  1,060.00 bytes/sec
total size is 11,094  speedup is 20.93
sending incremental file list
.bash
.bash_history
.bash_logout
.bash_profile
.bashrc

sent 11,430 bytes  received 111 bytes  7,694.00 bytes/sec
total size is 11,094  speedup is 0.96
sending incremental file list
.bash_history
.bashrc

sent 3,142 bytes  received 171 bytes  6,626.00 bytes/sec
total size is 11,094  speedup is 3.35
sending incremental file list
.bash_history

sent 515 bytes  received 47 bytes  374.67 bytes/sec
total size is 11,125  speedup is 19.80
sending incremental file list
.bash_history

sent 515 bytes  received 47 bytes  374.67 bytes/sec
total size is 11,125  speedup is 19.80
sending incremental file list
.bash_history

sent 515 bytes  received 47 bytes  374.67 bytes/sec
total size is 11,125  speedup is 19.80
sending incremental file list

sent 118 bytes  received 12 bytes  260.00 bytes/sec
total size is 11,125  speedup is 85.58
sending incremental file list

sent 118 bytes  received 12 bytes  260.00 bytes/sec
total size is 11,125  speedup is 85.58
sending incremental file list

sent 118 bytes  received 12 bytes  260.00 bytes/sec
total size is 11,125  speedup is 85.58
sending incremental file list
.bash_history

sent 553 bytes  received 47 bytes  1,200.00 bytes/sec
total size is 11,163  speedup is 18.61
sending incremental file list
.bash_history

sent 553 bytes  received 47 bytes  1,200.00 bytes/sec
total size is 11,163  speedup is 18.61
sending incremental file list

sent 118 bytes  received 12 bytes  260.00 bytes/sec
total size is 11,163  speedup is 85.87
sending incremental file list

sent 118 bytes  received 12 bytes  260.00 bytes/sec
total size is 11,163  speedup is 85.87
sending incremental file list
.bash_history

sent 577 bytes  received 47 bytes  416.00 bytes/sec
total size is 11,187  speedup is 17.93
sending incremental file list

sent 118 bytes  received 12 bytes  260.00 bytes/sec
total size is 11,187  speedup is 86.05
sending incremental file list
.bash_history

sent 577 bytes  received 47 bytes  416.00 bytes/sec
total size is 11,187  speedup is 17.93
sending incremental file list
.bash_history
.bashrc

sent 2,531 bytes  received 168 bytes  1,799.33 bytes/sec
total size is 11,187  speedup is 4.14
sending incremental file list
.bash_history

sent 577 bytes  received 47 bytes  1,248.00 bytes/sec
total size is 11,187  speedup is 17.93
sending incremental file list
.bash_history

sent 577 bytes  received 47 bytes  1,248.00 bytes/sec
total size is 11,187  speedup is 17.93
sending incremental file list
.bash
.bash_history
.bash_logout
.bash_profile
.bashrc

sent 11,524 bytes  received 111 bytes  7,756.67 bytes/sec
total size is 11,187  speedup is 0.96
sending incremental file list
.bash
.bash_history
.bash_logout
.bash_profile
.bashrc

sent 11,583 bytes  received 111 bytes  23,388.00 bytes/sec
total size is 11,246  speedup is 0.96
sending incremental file list
.bash_history

sent 643 bytes  received 47 bytes  276.00 bytes/sec
total size is 11,253  speedup is 16.31
sending incremental file list
.bash
.bash_history
.bash_logout
.bash_profile
.bashrc

sent 11,590 bytes  received 111 bytes  7,800.67 bytes/sec
total size is 11,253  speedup is 0.96
sending incremental file list

sent 118 bytes  received 12 bytes  86.67 bytes/sec
total size is 11,253  speedup is 86.56
sending incremental file list

sent 118 bytes  received 12 bytes  86.67 bytes/sec
total size is 11,253  speedup is 86.56
sending incremental file list
.bash_history

sent 667 bytes  received 47 bytes  476.00 bytes/sec
total size is 11,277  speedup is 15.79
sending incremental file list
.bash
.bash_history
.bash_logout
.bash_profile
.bashrc

sent 11,621 bytes  received 111 bytes  23,464.00 bytes/sec
total size is 11,284  speedup is 0.96
sending incremental file list
.bash_history

sent 674 bytes  received 47 bytes  480.67 bytes/sec
total size is 11,284  speedup is 15.65
sending incremental file list
.bash
.bash_history
.bash_logout
.bash_profile
.bashrc

sent 11,633 bytes  received 111 bytes  7,829.33 bytes/sec
total size is 11,296  speedup is 0.96
sending incremental file list
.bash_history

sent 691 bytes  received 47 bytes  210.86 bytes/sec
total size is 11,302  speedup is 15.31
sending incremental file list
.bash
.bash_history
.bash_logout
.bash_profile
.bashrc

sent 11,644 bytes  received 111 bytes  7,836.67 bytes/sec
total size is 11,308  speedup is 0.96
sending incremental file list
.bash_history

sent 703 bytes  received 47 bytes  1,500.00 bytes/sec
total size is 11,314  speedup is 15.09
sending incremental file list

sent 117 bytes  received 12 bytes  258.00 bytes/sec
total size is 11,314  speedup is 87.71
sending incremental file list
.bash
.bash_history
.bash_logout
.bash_profile
.bashrc

sent 11,663 bytes  received 111 bytes  7,849.33 bytes/sec
total size is 11,326  speedup is 0.96
sending incremental file list
.bash
.bash_history
.bash_logout
.bash_profile
.bashrc

sent 11,669 bytes  received 111 bytes  23,560.00 bytes/sec
total size is 11,332  speedup is 0.96
sending incremental file list
.bash
.bash_history
.bash_logout
.bash_profile
.bashrc

sent 11,669 bytes  received 111 bytes  1,024.35 bytes/sec
total size is 11,332  speedup is 0.96
sending incremental file list
.bash_history

sent 737 bytes  received 47 bytes  50.58 bytes/sec
total size is 11,347  speedup is 14.47
sending incremental file list
.bash_history
.bash_logout
.bash_profile

sent 1,042 bytes  received 85 bytes  68.30 bytes/sec
total size is 11,372  speedup is 10.09
sending incremental file list
.bash_history

sent 768 bytes  received 47 bytes  52.58 bytes/sec
total size is 11,379  speedup is 13.96
sending incremental file list
.bash
.bash_history
.bash_logout
.bash_profile
.bashrc

sent 11,879 bytes  received 111 bytes  23,980.00 bytes/sec
total size is 11,542  speedup is 0.96
sending incremental file list
.bash_history
.bashrc

sent 2,427 bytes  received 156 bytes  5,166.00 bytes/sec
total size is 11,542  speedup is 4.47
sending incremental file list

sent 118 bytes  received 12 bytes  260.00 bytes/sec
total size is 11,542  speedup is 88.78
sending incremental file list

sent 118 bytes  received 12 bytes  260.00 bytes/sec
total size is 11,542  speedup is 88.78
sending incremental file list
.bash_history

sent 894 bytes  received 47 bytes  1,882.00 bytes/sec
total size is 11,632  speedup is 12.36
sending incremental file list
.bashrc

sent 488 bytes  received 125 bytes  408.67 bytes/sec
total size is 11,749  speedup is 19.17
sending incremental file list
.bashrc

sent 484 bytes  received 125 bytes  1,218.00 bytes/sec
total size is 11,745  speedup is 19.29
sending incremental file list
.bashrc

sent 482 bytes  received 125 bytes  1,214.00 bytes/sec
total size is 11,743  speedup is 19.35
sending incremental file list

sent 119 bytes  received 12 bytes  262.00 bytes/sec
total size is 11,743  speedup is 89.64
sending incremental file list

sent 119 bytes  received 12 bytes  87.33 bytes/sec
total size is 11,743  speedup is 89.64
sending incremental file list
.bash
.bash_history
.bash_logout
.bash_profile
.bashrc

sent 12,081 bytes  received 111 bytes  24,384.00 bytes/sec
total size is 11,743  speedup is 0.96
sending incremental file list
.bash_history

sent 331 bytes  received 53 bytes  256.00 bytes/sec
total size is 11,875  speedup is 30.92
sending incremental file list

sent 119 bytes  received 12 bytes  23.82 bytes/sec
total size is 11,875  speedup is 90.65
sending incremental file list
.bash_history
.bashrc

sent 2,782 bytes  received 156 bytes  1,958.67 bytes/sec
total size is 11,875  speedup is 4.04
sending incremental file list
.bash_history
.bashrc

sent 1,386 bytes  received 156 bytes  3,084.00 bytes/sec
total size is 11,875  speedup is 7.70
sending incremental file list
.bash
.bash_history
.bash_logout
.bash_profile
.bashrc

sent 12,610 bytes  received 111 bytes  25,442.00 bytes/sec
total size is 12,272  speedup is 0.96
sending incremental file list
.bash
.bash_history
.bash_logout
.bash_profile
.bashrc

sent 12,610 bytes  received 111 bytes  8,480.67 bytes/sec
total size is 12,272  speedup is 0.96
sending incremental file list
.bash_history
.bashrc

sent 2,483 bytes  received 162 bytes  5,290.00 bytes/sec
total size is 12,272  speedup is 4.64
sending incremental file list
.bash_history
.bashrc

sent 1,129 bytes  received 162 bytes  2,582.00 bytes/sec
total size is 12,315  speedup is 9.54
sending incremental file list
.bash_history
.bashrc

sent 1,168 bytes  received 162 bytes  2,660.00 bytes/sec
total size is 12,353  speedup is 9.29
sending incremental file list
.bash_history
.bashrc

sent 1,168 bytes  received 162 bytes  886.67 bytes/sec
total size is 12,353  speedup is 9.29
sending incremental file list
.bash_history
.bashrc

sent 2,564 bytes  received 162 bytes  5,452.00 bytes/sec
total size is 12,353  speedup is 4.53
sending incremental file list
.bash_history

sent 502 bytes  received 53 bytes  100.91 bytes/sec
total size is 12,360  speedup is 22.27
sending incremental file list
.bash_history

sent 502 bytes  received 53 bytes  100.91 bytes/sec
total size is 12,360  speedup is 22.27
sending incremental file list
.bash_history

sent 502 bytes  received 53 bytes  48.26 bytes/sec
total size is 12,360  speedup is 22.27
sending incremental file list

sent 119 bytes  received 12 bytes  23.82 bytes/sec
total size is 12,360  speedup is 94.35
sending incremental file list

sent 119 bytes  received 12 bytes  23.82 bytes/sec
total size is 12,360  speedup is 94.35
sending incremental file list

sent 119 bytes  received 12 bytes  23.82 bytes/sec
total size is 12,360  speedup is 94.35
sending incremental file list
.bash
.bash_history
.bash_logout
.bash_profile
.bashrc

sent 12,698 bytes  received 111 bytes  25,618.00 bytes/sec
total size is 12,360  speedup is 0.96
sending incremental file list

sent 119 bytes  received 12 bytes  20.15 bytes/sec
total size is 12,360  speedup is 94.35
sending incremental file list

sent 119 bytes  received 12 bytes  23.82 bytes/sec
total size is 12,360  speedup is 94.35
sending incremental file list

sent 119 bytes  received 12 bytes  23.82 bytes/sec
total size is 12,360  speedup is 94.35
sending incremental file list
.bash_history

sent 548 bytes  received 53 bytes  92.46 bytes/sec
total size is 12,406  speedup is 20.64
sending incremental file list
.bash_history

sent 548 bytes  received 53 bytes  109.27 bytes/sec
total size is 12,406  speedup is 20.64
sending incremental file list
.bash_history

sent 548 bytes  received 53 bytes  52.26 bytes/sec
total size is 12,406  speedup is 20.64
sending incremental file list

sent 119 bytes  received 12 bytes  23.82 bytes/sec
total size is 12,406  speedup is 94.70
sending incremental file list

sent 119 bytes  received 12 bytes  23.82 bytes/sec
total size is 12,406  speedup is 94.70
sending incremental file list

sent 119 bytes  received 12 bytes  23.82 bytes/sec
total size is 12,406  speedup is 94.70
sending incremental file list

sent 119 bytes  received 12 bytes  23.82 bytes/sec
total size is 12,406  speedup is 94.70
sending incremental file list

sent 119 bytes  received 12 bytes  20.15 bytes/sec
total size is 12,406  speedup is 94.70
sending incremental file list

sent 119 bytes  received 12 bytes  23.82 bytes/sec
total size is 12,406  speedup is 94.70
sending incremental file list

sent 119 bytes  received 12 bytes  20.15 bytes/sec
total size is 12,406  speedup is 94.70
sending incremental file list

sent 119 bytes  received 12 bytes  23.82 bytes/sec
total size is 12,406  speedup is 94.70
sending incremental file list

sent 119 bytes  received 12 bytes  23.82 bytes/sec
total size is 12,406  speedup is 94.70
sending incremental file list

sent 119 bytes  received 12 bytes  12.48 bytes/sec
total size is 12,406  speedup is 94.70
sending incremental file list

sent 119 bytes  received 12 bytes  20.15 bytes/sec
total size is 12,406  speedup is 94.70
sending incremental file list

sent 119 bytes  received 12 bytes  20.15 bytes/sec
total size is 12,406  speedup is 94.70
sending incremental file list
.bash_history

sent 560 bytes  received 53 bytes  1,226.00 bytes/sec
total size is 12,418  speedup is 20.26
sending incremental file list
.bash
.bash_history
.bash_logout
.bash_profile
.bashrc

sent 12,912 bytes  received 111 bytes  8,682.00 bytes/sec
total size is 12,575  speedup is 0.97
sending incremental file list
.bash_history

sent 724 bytes  received 53 bytes  518.00 bytes/sec
total size is 12,582  speedup is 16.19
sending incremental file list
.bash
.bash_history
.bash_logout
.bash_profile
.bashrc

sent 12,920 bytes  received 111 bytes  8,687.33 bytes/sec
total size is 12,582  speedup is 0.97
sending incremental file list
.bash_history

sent 724 bytes  received 53 bytes  1,554.00 bytes/sec
total size is 12,582  speedup is 16.19
sending incremental file list

sent 119 bytes  received 12 bytes  262.00 bytes/sec
total size is 12,582  speedup is 96.05
sending incremental file list

sent 119 bytes  received 12 bytes  87.33 bytes/sec
total size is 12,582  speedup is 96.05
sending incremental file list
.bash
.bash_history
.bash_logout
.bash_profile
.bashrc

sent 12,920 bytes  received 111 bytes  8,687.33 bytes/sec
total size is 12,582  speedup is 0.97
sending incremental file list

sent 119 bytes  received 12 bytes  87.33 bytes/sec
total size is 12,582  speedup is 96.05
sending incremental file list

sent 119 bytes  received 12 bytes  262.00 bytes/sec
total size is 12,582  speedup is 96.05
sending incremental file list

sent 119 bytes  received 12 bytes  262.00 bytes/sec
total size is 12,582  speedup is 96.05
sending incremental file list

sent 119 bytes  received 12 bytes  262.00 bytes/sec
total size is 12,582  speedup is 96.05
sending incremental file list
.bash_history

sent 793 bytes  received 53 bytes  564.00 bytes/sec
total size is 12,651  speedup is 14.95
sending incremental file list
.bash_history
.bashrc

sent 2,862 bytes  received 162 bytes  6,048.00 bytes/sec
total size is 12,651  speedup is 4.18
sending incremental file list
.bash
.bash_history
.bash_logout
.bash_profile
.bashrc

sent 13,004 bytes  received 111 bytes  26,230.00 bytes/sec
total size is 12,666  speedup is 0.97
sending incremental file list

sent 119 bytes  received 12 bytes  262.00 bytes/sec
total size is 12,666  speedup is 96.69
sending incremental file list
.bash_history

sent 808 bytes  received 53 bytes  1,722.00 bytes/sec
total size is 12,666  speedup is 14.71
sending incremental file list
.bash
.bash_history
.bash_logout
.bash_profile
.bashrc

sent 13,004 bytes  received 111 bytes  26,230.00 bytes/sec
total size is 12,666  speedup is 0.97
sending incremental file list
.bash_history

sent 839 bytes  received 53 bytes  594.67 bytes/sec
total size is 12,697  speedup is 14.23
sending incremental file list
.bash_history

sent 851 bytes  received 53 bytes  602.67 bytes/sec
total size is 12,709  speedup is 14.06
sending incremental file list
.bash_logout
.bash_profile

sent 403 bytes  received 54 bytes  304.67 bytes/sec
total size is 12,709  speedup is 27.81
sending incremental file list
.bash
.bash_history
.bash_logout
.bash_profile
.bashrc

sent 13,054 bytes  received 111 bytes  8,776.67 bytes/sec
total size is 12,716  speedup is 0.97
sending incremental file list
.bash
.bash_history
.bash_logout
.bash_profile
.bashrc

sent 13,054 bytes  received 111 bytes  5,266.00 bytes/sec
total size is 12,716  speedup is 0.97
sending incremental file list
.bash_history

sent 870 bytes  received 53 bytes  45.02 bytes/sec
total size is 12,728  speedup is 13.79
sending incremental file list
.bash_history

sent 870 bytes  received 53 bytes  1,846.00 bytes/sec
total size is 12,728  speedup is 13.79
sending incremental file list
.bash
.bash_history
.bash_logout
.bash_profile
.bashrc

sent 13,066 bytes  received 111 bytes  3,764.86 bytes/sec
total size is 12,728  speedup is 0.97
sending incremental file list

sent 119 bytes  received 12 bytes  87.33 bytes/sec
total size is 12,728  speedup is 97.16
sending incremental file list

sent 119 bytes  received 12 bytes  262.00 bytes/sec
total size is 12,728  speedup is 97.16
sending incremental file list
.bash
.bash_history
.bash_logout
.bash_profile
.bashrc

sent 13,066 bytes  received 111 bytes  26,354.00 bytes/sec
total size is 12,728  speedup is 0.97
sending incremental file list

sent 119 bytes  received 12 bytes  6.39 bytes/sec
total size is 12,728  speedup is 97.16
sending incremental file list
.bash
.bash_history
.bash_logout
.bash_profile
.bashrc

sent 12,745 bytes  received 111 bytes  25,712.00 bytes/sec
total size is 12,407  speedup is 0.97
sending incremental file list
.bash_history
.bashrc

sent 2,747 bytes  received 162 bytes  1,939.33 bytes/sec
total size is 12,414  speedup is 4.27
sending incremental file list
.bash_history
.bashrc

sent 2,754 bytes  received 162 bytes  1,166.40 bytes/sec
total size is 12,421  speedup is 4.26
sending incremental file list
.bash
.bash_history
.bash_logout
.bash_profile
.bashrc

sent 12,759 bytes  received 111 bytes  25,740.00 bytes/sec
total size is 12,421  speedup is 0.97
sending incremental file list
.bash_history

sent 258 bytes  received 59 bytes  211.33 bytes/sec
total size is 12,428  speedup is 39.21
sending incremental file list

sent 119 bytes  received 12 bytes  262.00 bytes/sec
total size is 12,428  speedup is 94.87
sending incremental file list

sent 119 bytes  received 12 bytes  262.00 bytes/sec
total size is 12,428  speedup is 94.87
sending incremental file list
.bash_history

sent 288 bytes  received 59 bytes  231.33 bytes/sec
total size is 12,458  speedup is 35.90
sending incremental file list

sent 119 bytes  received 12 bytes  262.00 bytes/sec
total size is 12,458  speedup is 95.10
sending incremental file list
.bash_history

sent 320 bytes  received 59 bytes  758.00 bytes/sec
total size is 12,491  speedup is 32.96
sending incremental file list

sent 118 bytes  received 12 bytes  260.00 bytes/sec
total size is 12,491  speedup is 96.08
sending incremental file list
.bash_history

sent 327 bytes  received 59 bytes  772.00 bytes/sec
total size is 12,498  speedup is 32.38
sending incremental file list
.bash
.bash_history
.bash_logout
.bash_profile
.bashrc

sent 12,835 bytes  received 111 bytes  278.41 bytes/sec
total size is 12,498  speedup is 0.97
sending incremental file list
.bash
.bash_history
.bash_logout
.bash_profile
.bashrc

sent 12,835 bytes  received 111 bytes  8,630.67 bytes/sec
total size is 12,498  speedup is 0.97
sending incremental file list
.bash
.bash_history
.bash_logout
.bash_profile
.bashrc

sent 12,881 bytes  received 111 bytes  8,661.33 bytes/sec
total size is 12,543  speedup is 0.97
sending incremental file list
.bash_history

sent 373 bytes  received 59 bytes  864.00 bytes/sec
total size is 12,543  speedup is 29.03
sending incremental file list
.bash
.bash_history
.bash_logout
.bash_profile
.bashrc

sent 12,881 bytes  received 111 bytes  25,984.00 bytes/sec
total size is 12,543  speedup is 0.97
sending incremental file list

sent 119 bytes  received 12 bytes  87.33 bytes/sec
total size is 12,543  speedup is 95.75
sending incremental file list

sent 119 bytes  received 12 bytes  262.00 bytes/sec
total size is 12,543  speedup is 95.75
sending incremental file list
.bash_history

sent 393 bytes  received 59 bytes  29.16 bytes/sec
total size is 12,564  speedup is 27.80
sending incremental file list

sent 118 bytes  received 12 bytes  86.67 bytes/sec
total size is 12,564  speedup is 96.65
sending incremental file list
.bash
.bash_history
.bash_logout
.bash_profile
.bashrc

sent 12,929 bytes  received 111 bytes  26,080.00 bytes/sec
total size is 12,592  speedup is 0.97
sending incremental file list

sent 118 bytes  received 12 bytes  260.00 bytes/sec
total size is 12,592  speedup is 96.86
sending incremental file list
.bash_history

sent 438 bytes  received 59 bytes  331.33 bytes/sec
total size is 12,608  speedup is 25.37
sending incremental file list
.bash_history

sent 438 bytes  received 59 bytes  994.00 bytes/sec
total size is 12,608  speedup is 25.37
sending incremental file list
.bash
.bash_history
.bash_logout
.bash_profile
.bashrc

sent 13,118 bytes  received 111 bytes  26,458.00 bytes/sec
total size is 12,781  speedup is 0.97
sending incremental file list
.bash_history
.bashrc

sent 2,801 bytes  received 168 bytes  1,979.33 bytes/sec
total size is 12,781  speedup is 4.30
sending incremental file list
.bash_history
.bashrc

sent 2,730 bytes  received 168 bytes  5,796.00 bytes/sec
total size is 12,844  speedup is 4.43
sending incremental file list
.bash
.bash_history
.bash_logout
.bash_profile
.bashrc

sent 13,182 bytes  received 111 bytes  26,586.00 bytes/sec
total size is 12,844  speedup is 0.97
sending incremental file list

sent 119 bytes  received 12 bytes  262.00 bytes/sec
total size is 12,844  speedup is 98.05
sending incremental file list

sent 119 bytes  received 12 bytes  262.00 bytes/sec
total size is 12,844  speedup is 98.05
sending incremental file list

sent 119 bytes  received 12 bytes  262.00 bytes/sec
total size is 12,844  speedup is 98.05
sending incremental file list

sent 119 bytes  received 12 bytes  262.00 bytes/sec
total size is 12,844  speedup is 98.05
sending incremental file list

sent 119 bytes  received 12 bytes  262.00 bytes/sec
total size is 12,844  speedup is 98.05
sending incremental file list

sent 119 bytes  received 12 bytes  262.00 bytes/sec
total size is 12,844  speedup is 98.05
sending incremental file list

sent 119 bytes  received 12 bytes  87.33 bytes/sec
total size is 12,844  speedup is 98.05
sending incremental file list
.bash_history

sent 602 bytes  received 59 bytes  1,322.00 bytes/sec
total size is 12,891  speedup is 19.50
sending incremental file list
.bash
.bash_history
.bash_logout
.bash_profile
.bashrc

sent 13,229 bytes  received 111 bytes  26,680.00 bytes/sec
total size is 12,891  speedup is 0.97
sending incremental file list

sent 119 bytes  received 12 bytes  262.00 bytes/sec
total size is 12,891  speedup is 98.40
sending incremental file list

sent 119 bytes  received 12 bytes  262.00 bytes/sec
total size is 12,891  speedup is 98.40
sending incremental file list

sent 119 bytes  received 12 bytes  87.33 bytes/sec
total size is 12,891  speedup is 98.40
sending incremental file list

sent 119 bytes  received 12 bytes  262.00 bytes/sec
total size is 12,891  speedup is 98.40
sending incremental file list

sent 119 bytes  received 12 bytes  262.00 bytes/sec
total size is 12,891  speedup is 98.40
sending incremental file list

sent 119 bytes  received 12 bytes  262.00 bytes/sec
total size is 12,891  speedup is 98.40
sending incremental file list

sent 119 bytes  received 12 bytes  262.00 bytes/sec
total size is 12,891  speedup is 98.40
sending incremental file list

sent 119 bytes  received 12 bytes  262.00 bytes/sec
total size is 12,891  speedup is 98.40
sending incremental file list

sent 119 bytes  received 12 bytes  262.00 bytes/sec
total size is 12,891  speedup is 98.40
sending incremental file list

sent 119 bytes  received 12 bytes  262.00 bytes/sec
total size is 12,891  speedup is 98.40
sending incremental file list

sent 119 bytes  received 12 bytes  262.00 bytes/sec
total size is 12,891  speedup is 98.40
sending incremental file list
.bash_history
.bashrc

sent 2,912 bytes  received 168 bytes  1,232.00 bytes/sec
total size is 12,891  speedup is 4.19
sending incremental file list
.bash
.bash_history
.bash_logout
.bash_profile
.bashrc

sent 13,229 bytes  received 111 bytes  8,893.33 bytes/sec
total size is 12,891  speedup is 0.97
sending incremental file list
.bash
.bash_history
.bash_logout
.bash_profile
.bashrc

sent 13,229 bytes  received 111 bytes  8,893.33 bytes/sec
total size is 12,891  speedup is 0.97
sending incremental file list
.bash_history

sent 609 bytes  received 59 bytes  445.33 bytes/sec
total size is 12,898  speedup is 19.31
sending incremental file list

sent 119 bytes  received 12 bytes  87.33 bytes/sec
total size is 12,898  speedup is 98.46
sending incremental file list
.bash_history

sent 742 bytes  received 59 bytes  1,602.00 bytes/sec
total size is 13,032  speedup is 16.27
sending incremental file list
.bash_history
.bashrc

sent 3,078 bytes  received 168 bytes  2,164.00 bytes/sec
total size is 13,057  speedup is 4.02
sending incremental file list
.bash
.bash_history
.bash_logout
.bash_profile
.bashrc

sent 13,613 bytes  received 111 bytes  5,489.60 bytes/sec
total size is 13,275  speedup is 0.97
sending incremental file list
.bash_history

sent 986 bytes  received 59 bytes  2,090.00 bytes/sec
total size is 13,275  speedup is 12.70
sending incremental file list
.bash
.bash_history
.bash_logout
.bash_profile
.bashrc

sent 13,634 bytes  received 111 bytes  9,163.33 bytes/sec
total size is 13,297  speedup is 0.97
sending incremental file list
.bash_history
.bash_logout
.bash_profile

sent 591 bytes  received 103 bytes  462.67 bytes/sec
total size is 13,297  speedup is 19.16
sending incremental file list
.bash_history

sent 1,007 bytes  received 59 bytes  710.67 bytes/sec
total size is 13,297  speedup is 12.47
sending incremental file list
.bash
.bash_history
.bash_logout
.bash_profile
.bashrc

sent 13,634 bytes  received 111 bytes  9,163.33 bytes/sec
total size is 13,297  speedup is 0.97
sending incremental file list
.bash_history

sent 336 bytes  received 65 bytes  267.33 bytes/sec
total size is 13,321  speedup is 33.22
sending incremental file list

sent 119 bytes  received 12 bytes  29.11 bytes/sec
total size is 13,321  speedup is 101.69
sending incremental file list

sent 119 bytes  received 12 bytes  52.40 bytes/sec
total size is 13,321  speedup is 101.69
sending incremental file list

sent 119 bytes  received 12 bytes  262.00 bytes/sec
total size is 13,321  speedup is 101.69
sending incremental file list
.bash_history
.bashrc

sent 3,207 bytes  received 168 bytes  6,750.00 bytes/sec
total size is 13,321  speedup is 3.95
sending incremental file list
.bash
.bash_history
.bash_logout
.bash_profile
.bashrc

sent 13,667 bytes  received 111 bytes  27,556.00 bytes/sec
total size is 13,329  speedup is 0.97
sending incremental file list

sent 119 bytes  received 12 bytes  87.33 bytes/sec
total size is 13,329  speedup is 101.75
sending incremental file list
.bash_history

sent 344 bytes  received 65 bytes  818.00 bytes/sec
total size is 13,329  speedup is 32.59
sending incremental file list

sent 119 bytes  received 12 bytes  4.44 bytes/sec
total size is 13,329  speedup is 101.75
sending incremental file list
.bash_history
.bash_logout
.bash_profile

sent 1,373 bytes  received 97 bytes  68.37 bytes/sec
total size is 13,383  speedup is 9.10
sending incremental file list

sent 118 bytes  received 12 bytes  86.67 bytes/sec
total size is 13,383  speedup is 102.95
sending incremental file list
.bash
.bash_history
.bash_logout
.bash_profile
.bashrc

sent 13,735 bytes  received 111 bytes  27,692.00 bytes/sec
total size is 13,397  speedup is 0.97
sending incremental file list
.bash_history

sent 419 bytes  received 65 bytes  88.00 bytes/sec
total size is 13,404  speedup is 27.69
sending incremental file list
.bash
.bash_history
.bash_logout
.bash_profile
.bashrc

sent 13,742 bytes  received 111 bytes  9,235.33 bytes/sec
total size is 13,404  speedup is 0.97
sending incremental file list
.bash
.bash_history
.bash_logout
.bash_profile
.bashrc

sent 13,755 bytes  received 111 bytes  27,732.00 bytes/sec
total size is 13,417  speedup is 0.97
sending incremental file list
.bash_history

sent 432 bytes  received 65 bytes  198.80 bytes/sec
total size is 13,417  speedup is 27.00
sending incremental file list

sent 119 bytes  received 12 bytes  87.33 bytes/sec
total size is 13,417  speedup is 102.42
sending incremental file list
.bash_history

sent 438 bytes  received 65 bytes  201.20 bytes/sec
total size is 13,423  speedup is 26.69
sending incremental file list
.bash_history

sent 1,134 bytes  received 59 bytes  2,386.00 bytes/sec
total size is 13,423  speedup is 11.25
sending incremental file list

sent 119 bytes  received 12 bytes  12.48 bytes/sec
total size is 13,423  speedup is 102.47
sending incremental file list
.bash_history

sent 478 bytes  received 65 bytes  362.00 bytes/sec
total size is 13,464  speedup is 24.80
sending incremental file list

sent 118 bytes  received 12 bytes  23.64 bytes/sec
total size is 13,464  speedup is 103.57
sending incremental file list
.bash
.bash_history
.bash_logout
.bash_profile
.bashrc

sent 13,815 bytes  received 111 bytes  27,852.00 bytes/sec
total size is 13,478  speedup is 0.97
sending incremental file list
.bash_history

sent 492 bytes  received 65 bytes  371.33 bytes/sec
total size is 13,478  speedup is 24.20
sending incremental file list
.bash_history

sent 507 bytes  received 65 bytes  381.33 bytes/sec
total size is 13,492  speedup is 23.59
sending incremental file list
.bash_history
.bashrc

sent 3,519 bytes  received 168 bytes  7,374.00 bytes/sec
total size is 13,499  speedup is 3.66
sending incremental file list
.bash_history

sent 513 bytes  received 65 bytes  1,156.00 bytes/sec
total size is 13,499  speedup is 23.35
sending incremental file list
.bash_history

sent 513 bytes  received 65 bytes  1,156.00 bytes/sec
total size is 13,499  speedup is 23.35
sending incremental file list
.bash_history

sent 513 bytes  received 65 bytes  1,156.00 bytes/sec
total size is 13,499  speedup is 23.35
sending incremental file list
.bash_history

sent 543 bytes  received 65 bytes  110.55 bytes/sec
total size is 13,528  speedup is 22.25
sending incremental file list
.bash_history

sent 543 bytes  received 65 bytes  173.71 bytes/sec
total size is 13,528  speedup is 22.25
sending incremental file list
.bash
.bash_history
.bash_logout
.bash_profile
.bashrc

sent 13,866 bytes  received 111 bytes  9,318.00 bytes/sec
total size is 13,528  speedup is 0.97
sending incremental file list
.bash_history

sent 641 bytes  received 65 bytes  128.36 bytes/sec
total size is 13,627  speedup is 19.30
sending incremental file list
.bash_history

sent 641 bytes  received 65 bytes  282.40 bytes/sec
total size is 13,627  speedup is 19.30
sending incremental file list
.bash
.bash_history
.bash_logout
.bash_profile
.bashrc

sent 13,964 bytes  received 111 bytes  5,630.00 bytes/sec
total size is 13,627  speedup is 0.97
sending incremental file list
.bash_history

sent 689 bytes  received 65 bytes  301.60 bytes/sec
total size is 13,674  speedup is 18.14
sending incremental file list
.bash_history

sent 689 bytes  received 65 bytes  301.60 bytes/sec
total size is 13,674  speedup is 18.14
sending incremental file list
.bash_history

sent 689 bytes  received 65 bytes  88.71 bytes/sec
total size is 13,674  speedup is 18.14
sending incremental file list
.bash_history

sent 689 bytes  received 65 bytes  167.56 bytes/sec
total size is 13,674  speedup is 18.14
sending incremental file list
.bash
.bash_history
.bash_logout
.bash_profile
.bashrc

sent 14,346 bytes  received 111 bytes  28,914.00 bytes/sec
total size is 14,010  speedup is 0.97
sending incremental file list
.bash_history

sent 358 bytes  received 71 bytes  286.00 bytes/sec
total size is 14,176  speedup is 33.04
sending incremental file list
.bash_history
.bashrc

sent 3,387 bytes  received 174 bytes  1,424.40 bytes/sec
total size is 14,183  speedup is 3.98
sending incremental file list
.bash_history
.bashrc

sent 3,387 bytes  received 174 bytes  1,424.40 bytes/sec
total size is 14,183  speedup is 3.98
sending incremental file list
.bash_history
.bashrc

sent 3,387 bytes  received 174 bytes  2,374.00 bytes/sec
total size is 14,183  speedup is 3.98
sending incremental file list

sent 117 bytes  received 12 bytes  36.86 bytes/sec
total size is 14,183  speedup is 109.95
sending incremental file list

sent 117 bytes  received 12 bytes  36.86 bytes/sec
total size is 14,183  speedup is 109.95
sending incremental file list
.bash_history

sent 1,870 bytes  received 71 bytes  554.57 bytes/sec
total size is 15,689  speedup is 8.08
sending incremental file list
.bash_history

sent 1,870 bytes  received 71 bytes  110.91 bytes/sec
total size is 15,689  speedup is 8.08
sending incremental file list
.bash_history

sent 1,870 bytes  received 71 bytes  776.40 bytes/sec
total size is 15,689  speedup is 8.08
sending incremental file list
.bash
.bash_history
.bash_logout
.bash_profile
.bashrc

sent 16,025 bytes  received 111 bytes  10,757.33 bytes/sec
total size is 15,689  speedup is 0.97
sending incremental file list
.bash
.bash_history
.bash_logout
.bash_profile
.bashrc

sent 16,192 bytes  received 111 bytes  10,868.67 bytes/sec
total size is 15,855  speedup is 0.97
sending incremental file list
.bash_history
.bashrc

sent 2,840 bytes  received 192 bytes  2,021.33 bytes/sec
total size is 15,855  speedup is 5.23
sending incremental file list
.bash_history
.bashrc

sent 2,840 bytes  received 192 bytes  6,064.00 bytes/sec
total size is 15,855  speedup is 5.23
sending incremental file list
.bash_history

sent 668 bytes  received 83 bytes  1,502.00 bytes/sec
total size is 15,862  speedup is 21.12
sending incremental file list
.bash_history
.bashrc

sent 2,847 bytes  received 192 bytes  2,026.00 bytes/sec
total size is 15,862  speedup is 5.22
sending incremental file list
.bash_history
.bashrc

sent 5,067 bytes  received 174 bytes  3,494.00 bytes/sec
total size is 15,862  speedup is 3.03
sending incremental file list
.bash_history

sent 816 bytes  received 83 bytes  19.76 bytes/sec
total size is 16,009  speedup is 17.81
sending incremental file list
.bash_history

sent 816 bytes  received 83 bytes  25.32 bytes/sec
total size is 16,009  speedup is 17.81
sending incremental file list
.bash_history
.bashrc

sent 2,995 bytes  received 192 bytes  120.26 bytes/sec
total size is 16,009  speedup is 5.02
sending incremental file list
.bash_history

sent 816 bytes  received 83 bytes  78.17 bytes/sec
total size is 16,009  speedup is 17.81
sending incremental file list
.bash_history

sent 842 bytes  received 83 bytes  616.67 bytes/sec
total size is 16,035  speedup is 17.34
sending incremental file list
.bash_history

sent 842 bytes  received 83 bytes  1,850.00 bytes/sec
total size is 16,035  speedup is 17.34
sending incremental file list
.bash_history

sent 842 bytes  received 83 bytes  205.56 bytes/sec
total size is 16,035  speedup is 17.34
sending incremental file list
.bash_history

sent 842 bytes  received 83 bytes  1,850.00 bytes/sec
total size is 16,035  speedup is 17.34
sending incremental file list
.bash
.bash_history
.bash_logout
.bash_profile
.bashrc

sent 16,373 bytes  received 111 bytes  32,968.00 bytes/sec
total size is 16,035  speedup is 0.97
sending incremental file list
.bash_history

sent 856 bytes  received 83 bytes  626.00 bytes/sec
total size is 16,049  speedup is 17.09
sending incremental file list
.bash_history

sent 862 bytes  received 83 bytes  90.00 bytes/sec
total size is 16,055  speedup is 16.99
sending incremental file list

sent 119 bytes  received 12 bytes  2.88 bytes/sec
total size is 16,055  speedup is 122.56
sending incremental file list
.bash
.bash_history
.bash_logout
.bash_profile
.bashrc

sent 16,635 bytes  received 111 bytes  33,492.00 bytes/sec
total size is 16,297  speedup is 0.97
sending incremental file list
.bash_history

sent 1,104 bytes  received 83 bytes  25.53 bytes/sec
total size is 16,297  speedup is 13.73
sending incremental file list
.bash_history

sent 1,104 bytes  received 83 bytes  2,374.00 bytes/sec
total size is 16,297  speedup is 13.73
sending incremental file list
.bash_history

sent 1,104 bytes  received 83 bytes  158.27 bytes/sec
total size is 16,297  speedup is 13.73
sending incremental file list
.bash_history

sent 1,104 bytes  received 83 bytes  103.22 bytes/sec
total size is 16,297  speedup is 13.73
sending incremental file list

sent 119 bytes  received 12 bytes  52.40 bytes/sec
total size is 16,297  speedup is 124.40
sending incremental file list

sent 119 bytes  received 12 bytes  87.33 bytes/sec
total size is 16,297  speedup is 124.40
sending incremental file list

sent 119 bytes  received 12 bytes  262.00 bytes/sec
total size is 16,297  speedup is 124.40
sending incremental file list

sent 119 bytes  received 12 bytes  52.40 bytes/sec
total size is 16,297  speedup is 124.40
sending incremental file list

sent 119 bytes  received 12 bytes  11.39 bytes/sec
total size is 16,297  speedup is 124.40
sending incremental file list

sent 119 bytes  received 12 bytes  11.39 bytes/sec
total size is 16,297  speedup is 124.40
sending incremental file list

sent 119 bytes  received 12 bytes  87.33 bytes/sec
total size is 16,297  speedup is 124.40
sending incremental file list

sent 119 bytes  received 12 bytes  6.09 bytes/sec
total size is 16,297  speedup is 124.40
sending incremental file list

sent 119 bytes  received 12 bytes  4.94 bytes/sec
total size is 16,297  speedup is 124.40
sending incremental file list

sent 119 bytes  received 12 bytes  7.94 bytes/sec
total size is 16,297  speedup is 124.40
sending incremental file list

sent 119 bytes  received 12 bytes  3.08 bytes/sec
total size is 16,297  speedup is 124.40
sending incremental file list

sent 119 bytes  received 12 bytes  20.15 bytes/sec
total size is 16,297  speedup is 124.40
sending incremental file list

sent 119 bytes  received 12 bytes  11.39 bytes/sec
total size is 16,297  speedup is 124.40
sending incremental file list
.bash_history

sent 583 bytes  received 89 bytes  1,344.00 bytes/sec
total size is 16,472  speedup is 24.51
sending incremental file list
.bash_history

sent 624 bytes  received 89 bytes  1,426.00 bytes/sec
total size is 16,514  speedup is 23.16
sending incremental file list
.bash_history

sent 624 bytes  received 89 bytes  475.33 bytes/sec
total size is 16,514  speedup is 23.16
sending incremental file list
.bash_history

sent 624 bytes  received 89 bytes  1,426.00 bytes/sec
total size is 16,514  speedup is 23.16
sending incremental file list
.bash
.bash_history
.bash_logout
.bash_profile
.bashrc

sent 16,878 bytes  received 111 bytes  33,978.00 bytes/sec
total size is 16,540  speedup is 0.97
sending incremental file list
.bash_history

sent 651 bytes  received 89 bytes  493.33 bytes/sec
total size is 16,540  speedup is 22.35
sending incremental file list
.bash_history

sent 651 bytes  received 89 bytes  493.33 bytes/sec
total size is 16,540  speedup is 22.35
sending incremental file list
.bash_history

sent 669 bytes  received 89 bytes  1,516.00 bytes/sec
total size is 16,559  speedup is 21.85
sending incremental file list
.bash_history

sent 669 bytes  received 89 bytes  1,516.00 bytes/sec
total size is 16,559  speedup is 21.85
sending incremental file list
.bash
.bash_history
.bash_logout
.bash_profile
.bashrc

sent 16,896 bytes  received 111 bytes  34,014.00 bytes/sec
total size is 16,559  speedup is 0.97
sending incremental file list
.bash_history

sent 669 bytes  received 89 bytes  1,516.00 bytes/sec
total size is 16,559  speedup is 21.85
sending incremental file list
.bash
.bash_history
.bash_profile
.bashrc

sent 13,288 bytes  received 902 bytes  9,460.00 bytes/sec
total size is 16,559  speedup is 1.17
sending incremental file list
.bash_history
.bash_logout

sent 748 bytes  received 108 bytes  1,712.00 bytes/sec
total size is 16,576  speedup is 19.36
sending incremental file list

sent 119 bytes  received 12 bytes  262.00 bytes/sec
total size is 16,576  speedup is 126.53
sending incremental file list

sent 119 bytes  received 12 bytes  262.00 bytes/sec
total size is 16,576  speedup is 126.53
sending incremental file list

sent 119 bytes  received 12 bytes  262.00 bytes/sec
total size is 16,576  speedup is 126.53
sending incremental file list

sent 119 bytes  received 12 bytes  262.00 bytes/sec
total size is 16,576  speedup is 126.53
sending incremental file list

sent 119 bytes  received 12 bytes  262.00 bytes/sec
total size is 16,576  speedup is 126.53
sending incremental file list

sent 119 bytes  received 12 bytes  262.00 bytes/sec
total size is 16,576  speedup is 126.53
sending incremental file list

sent 119 bytes  received 12 bytes  23.82 bytes/sec
total size is 16,576  speedup is 126.53
sending incremental file list

sent 119 bytes  received 12 bytes  262.00 bytes/sec
total size is 16,576  speedup is 126.53
sending incremental file list

sent 119 bytes  received 12 bytes  262.00 bytes/sec
total size is 16,576  speedup is 126.53
sending incremental file list

sent 119 bytes  received 12 bytes  262.00 bytes/sec
total size is 16,576  speedup is 126.53
sending incremental file list
.bash_history

sent 790 bytes  received 89 bytes  586.00 bytes/sec
total size is 16,680  speedup is 18.98
sending incremental file list
.bash_history

sent 797 bytes  received 89 bytes  1,772.00 bytes/sec
total size is 16,687  speedup is 18.83
sending incremental file list

sent 118 bytes  received 12 bytes  260.00 bytes/sec
total size is 16,687  speedup is 128.36
sending incremental file list
.bash_history

sent 797 bytes  received 89 bytes  590.67 bytes/sec
total size is 16,687  speedup is 18.83
sending incremental file list
.bash_history

sent 797 bytes  received 89 bytes  590.67 bytes/sec
total size is 16,687  speedup is 18.83
sending incremental file list
.bash_history

sent 797 bytes  received 89 bytes  590.67 bytes/sec
total size is 16,687  speedup is 18.83
sending incremental file list
.bash
.bash_history
.bash_logout
.bash_profile
.bashrc

sent 17,024 bytes  received 111 bytes  34,270.00 bytes/sec
total size is 16,687  speedup is 0.97
sending incremental file list
.bash_history

sent 812 bytes  received 89 bytes  1,802.00 bytes/sec
total size is 16,702  speedup is 18.54
sending incremental file list
.bash_history
.bashrc

sent 2,286 bytes  received 198 bytes  4,968.00 bytes/sec
total size is 16,676  speedup is 6.71
sending incremental file list

sent 119 bytes  received 12 bytes  262.00 bytes/sec
total size is 16,676  speedup is 127.30
sending incremental file list

sent 119 bytes  received 12 bytes  262.00 bytes/sec
total size is 16,676  speedup is 127.30
sending incremental file list
.bash_history
.bashrc

sent 2,286 bytes  received 198 bytes  4,968.00 bytes/sec
total size is 16,676  speedup is 6.71
sending incremental file list
.bash_history
.bash_logout
.bash_profile
.bashrc

sent 2,566 bytes  received 236 bytes  431.08 bytes/sec
total size is 16,676  speedup is 5.95
sending incremental file list
.bash_history
.bashrc

sent 2,286 bytes  received 198 bytes  1,656.00 bytes/sec
total size is 16,676  speedup is 6.71
sending incremental file list
.bash_history
.bashrc

sent 2,597 bytes  received 198 bytes  1,863.33 bytes/sec
total size is 16,987  speedup is 6.08
sending incremental file list
.bash_history

sent 1,155 bytes  received 89 bytes  829.33 bytes/sec
total size is 16,987  speedup is 13.66
sending incremental file list
.bash_history

sent 1,155 bytes  received 89 bytes  829.33 bytes/sec
total size is 16,987  speedup is 13.66
sending incremental file list

sent 119 bytes  received 12 bytes  87.33 bytes/sec
total size is 16,987  speedup is 129.67
sending incremental file list
.bash_history

sent 1,155 bytes  received 89 bytes  497.60 bytes/sec
total size is 16,987  speedup is 13.66
sending incremental file list
.bash_history

sent 1,155 bytes  received 89 bytes  829.33 bytes/sec
total size is 16,987  speedup is 13.66
sending incremental file list
.bash_history

sent 614 bytes  received 95 bytes  32.98 bytes/sec
total size is 17,142  speedup is 24.18
sending incremental file list
.bash_history

sent 614 bytes  received 95 bytes  19.97 bytes/sec
total size is 17,142  speedup is 24.18
sending incremental file list
.bash_history

sent 614 bytes  received 95 bytes  472.67 bytes/sec
total size is 17,142  speedup is 24.18
sending incremental file list
.bash_history

sent 614 bytes  received 95 bytes  109.08 bytes/sec
total size is 17,142  speedup is 24.18
sending incremental file list
.bash_history

sent 614 bytes  received 95 bytes  472.67 bytes/sec
total size is 17,142  speedup is 24.18
sending incremental file list
.bash_history
.bashrc

sent 6,348 bytes  received 174 bytes  2,608.80 bytes/sec
total size is 17,142  speedup is 2.63
sending incremental file list
.bash
.bash_history
.bash_logout
.bash_profile
.bashrc

sent 17,480 bytes  received 111 bytes  7,036.40 bytes/sec
total size is 17,142  speedup is 0.97
sending incremental file list
.bash_history

sent 626 bytes  received 95 bytes  480.67 bytes/sec
total size is 17,154  speedup is 23.79
sending incremental file list
.bash_history

sent 626 bytes  received 95 bytes  27.21 bytes/sec
total size is 17,154  speedup is 23.79
sending incremental file list
.bash_history

sent 626 bytes  received 95 bytes  17.37 bytes/sec
total size is 17,154  speedup is 23.79
sending incremental file list
.bash_history

sent 626 bytes  received 95 bytes  480.67 bytes/sec
total size is 17,154  speedup is 23.79
sending incremental file list

sent 119 bytes  received 12 bytes  262.00 bytes/sec
total size is 17,154  speedup is 130.95
sending incremental file list

sent 119 bytes  received 12 bytes  262.00 bytes/sec
total size is 17,154  speedup is 130.95
sending incremental file list

sent 119 bytes  received 12 bytes  87.33 bytes/sec
total size is 17,154  speedup is 130.95
sending incremental file list
.bash_history

sent 720 bytes  received 95 bytes  543.33 bytes/sec
total size is 17,248  speedup is 21.16
sending incremental file list
.bash_history

sent 720 bytes  received 95 bytes  1,630.00 bytes/sec
total size is 17,248  speedup is 21.16
sending incremental file list
.bash_history

sent 720 bytes  received 95 bytes  326.00 bytes/sec
total size is 17,248  speedup is 21.16
sending incremental file list
.bash_history

sent 734 bytes  received 95 bytes  552.67 bytes/sec
total size is 17,263  speedup is 20.82
sending incremental file list
.bash_history

sent 734 bytes  received 95 bytes  552.67 bytes/sec
total size is 17,263  speedup is 20.82
sending incremental file list
.bash_history

sent 734 bytes  received 95 bytes  552.67 bytes/sec
total size is 17,263  speedup is 20.82
sending incremental file list
.bash_history

sent 734 bytes  received 95 bytes  552.67 bytes/sec
total size is 17,263  speedup is 20.82
sending incremental file list

sent 118 bytes  received 12 bytes  86.67 bytes/sec
total size is 17,263  speedup is 132.79
sending incremental file list

sent 118 bytes  received 12 bytes  86.67 bytes/sec
total size is 17,263  speedup is 132.79
sending incremental file list

sent 118 bytes  received 12 bytes  86.67 bytes/sec
total size is 17,263  speedup is 132.79
sending incremental file list
.bash
.bash_history
.bash_logout
.bash_profile
.bashrc

sent 17,685 bytes  received 111 bytes  35,592.00 bytes/sec
total size is 17,348  speedup is 0.97
sending incremental file list
.bash_history
.bashrc

sent 2,363 bytes  received 192 bytes  5,110.00 bytes/sec
total size is 17,458  speedup is 6.83
sending incremental file list

sent 118 bytes  received 12 bytes  260.00 bytes/sec
total size is 17,458  speedup is 134.29
sending incremental file list

sent 118 bytes  received 12 bytes  260.00 bytes/sec
total size is 17,458  speedup is 134.29
sending incremental file list
.bash
.bash_history
.bash_logout
.bash_profile
.bashrc

sent 17,818 bytes  received 111 bytes  11,952.67 bytes/sec
total size is 17,481  speedup is 0.98
sending incremental file list
.bash_history
.bashrc

sent 2,447 bytes  received 204 bytes  482.00 bytes/sec
total size is 17,481  speedup is 6.59
sending incremental file list
.bash_history
.bashrc

sent 2,447 bytes  received 204 bytes  5,302.00 bytes/sec
total size is 17,481  speedup is 6.59
sending incremental file list

sent 118 bytes  received 12 bytes  260.00 bytes/sec
total size is 17,481  speedup is 134.47
sending incremental file list
.bash_history

sent 895 bytes  received 95 bytes  1,980.00 bytes/sec
total size is 17,481  speedup is 17.66
sending incremental file list
.bash_history

sent 929 bytes  received 95 bytes  682.67 bytes/sec
total size is 17,515  speedup is 17.10
sending incremental file list

sent 118 bytes  received 12 bytes  260.00 bytes/sec
total size is 17,515  speedup is 134.73
sending incremental file list
.bash_history

sent 929 bytes  received 95 bytes  2,048.00 bytes/sec
total size is 17,515  speedup is 17.10
sending incremental file list
.bash_history

sent 238 bytes  received 101 bytes  678.00 bytes/sec
total size is 17,520  speedup is 51.68
sending incremental file list
.bash_history
.bashrc

sent 2,486 bytes  received 204 bytes  1,793.33 bytes/sec
total size is 17,520  speedup is 6.51
sending incremental file list

sent 118 bytes  received 12 bytes  260.00 bytes/sec
total size is 17,520  speedup is 134.77
sending incremental file list

sent 118 bytes  received 12 bytes  260.00 bytes/sec
total size is 17,520  speedup is 134.77
sending incremental file list
.bash
.bash_history
.bash_logout
.bash_profile
.bashrc

sent 17,857 bytes  received 111 bytes  7,187.20 bytes/sec
total size is 17,520  speedup is 0.98
sending incremental file list
.bash_history

sent 238 bytes  received 101 bytes  678.00 bytes/sec
total size is 17,520  speedup is 51.68
sending incremental file list

sent 118 bytes  received 12 bytes  260.00 bytes/sec
total size is 17,520  speedup is 134.77
sending incremental file list
.bash_history
.bashrc

sent 2,486 bytes  received 204 bytes  1,793.33 bytes/sec
total size is 17,520  speedup is 6.51
sending incremental file list
.bash_history
.bashrc

sent 2,486 bytes  received 204 bytes  1,793.33 bytes/sec
total size is 17,520  speedup is 6.51
sending incremental file list
.bash_history
.bash_logout
.bash_profile
.bashrc

sent 2,766 bytes  received 242 bytes  6,016.00 bytes/sec
total size is 17,520  speedup is 5.82
sending incremental file list

sent 118 bytes  received 12 bytes  260.00 bytes/sec
total size is 17,520  speedup is 134.77
sending incremental file list
.bash_history

sent 934 bytes  received 95 bytes  2,058.00 bytes/sec
total size is 17,520  speedup is 17.03
sending incremental file list

sent 118 bytes  received 12 bytes  260.00 bytes/sec
total size is 17,520  speedup is 134.77
sending incremental file list
.bash
.bash_history
.bash_logout
.bash_profile
.bashrc

sent 17,857 bytes  received 111 bytes  35,936.00 bytes/sec
total size is 17,520  speedup is 0.98
sending incremental file list

sent 118 bytes  received 12 bytes  86.67 bytes/sec
total size is 17,520  speedup is 134.77
sending incremental file list
.bash_history

sent 309 bytes  received 101 bytes  820.00 bytes/sec
total size is 17,591  speedup is 42.90
sending incremental file list
.bash_history

sent 309 bytes  received 101 bytes  820.00 bytes/sec
total size is 17,591  speedup is 42.90
sending incremental file list
.bash_history

sent 309 bytes  received 101 bytes  820.00 bytes/sec
total size is 17,591  speedup is 42.90
sending incremental file list
.bash_history

sent 423 bytes  received 101 bytes  1,048.00 bytes/sec
total size is 17,706  speedup is 33.79
sending incremental file list
.bash_history

sent 429 bytes  received 101 bytes  353.33 bytes/sec
total size is 17,711  speedup is 33.42
sending incremental file list
.bash
.bash_history
.bash_logout
.bash_profile
.bashrc

sent 18,054 bytes  received 111 bytes  36,330.00 bytes/sec
total size is 17,717  speedup is 0.98
sending incremental file list
.bash_history

sent 435 bytes  received 101 bytes  1,072.00 bytes/sec
total size is 17,717  speedup is 33.05
sending incremental file list
.bash
.bash_history
.bash_logout
.bash_profile
.bashrc

sent 18,054 bytes  received 111 bytes  4,036.67 bytes/sec
total size is 17,717  speedup is 0.98
sending incremental file list

sent 118 bytes  received 12 bytes  86.67 bytes/sec
total size is 17,717  speedup is 136.28
sending incremental file list
.bash_history

sent 435 bytes  received 101 bytes  357.33 bytes/sec
total size is 17,717  speedup is 33.05
sending incremental file list
.bash_history

sent 858 bytes  received 101 bytes  639.33 bytes/sec
total size is 18,141  speedup is 18.92
sending incremental file list
.bash_history

sent 858 bytes  received 101 bytes  83.39 bytes/sec
total size is 18,141  speedup is 18.92
sending incremental file list
.bash_history

sent 858 bytes  received 101 bytes  83.39 bytes/sec
total size is 18,141  speedup is 18.92
sending incremental file list
.bash_history

sent 880 bytes  received 101 bytes  85.30 bytes/sec
total size is 18,162  speedup is 18.51
sending incremental file list
.bash_history

sent 880 bytes  received 101 bytes  654.00 bytes/sec
total size is 18,162  speedup is 18.51
sending incremental file list
.bash_history
.bash_logout
.bash_profile

sent 1,160 bytes  received 139 bytes  866.00 bytes/sec
total size is 18,162  speedup is 13.98
sending incremental file list
.bash_history

sent 880 bytes  received 101 bytes  654.00 bytes/sec
total size is 18,162  speedup is 18.51
sending incremental file list

sent 118 bytes  received 12 bytes  86.67 bytes/sec
total size is 18,162  speedup is 139.71
sending incremental file list
.bash
.bash_history
.bash_logout
.bash_profile
.bashrc

sent 18,499 bytes  received 111 bytes  7,444.00 bytes/sec
total size is 18,162  speedup is 0.98
sending incremental file list
.bash_history

sent 941 bytes  received 101 bytes  694.67 bytes/sec
total size is 18,223  speedup is 17.49
sending incremental file list
.bash_history

sent 941 bytes  received 101 bytes  694.67 bytes/sec
total size is 18,223  speedup is 17.49
sending incremental file list

sent 118 bytes  received 12 bytes  260.00 bytes/sec
total size is 18,223  speedup is 140.18
sending incremental file list
.bash_history

sent 941 bytes  received 101 bytes  694.67 bytes/sec
total size is 18,223  speedup is 17.49
sending incremental file list
.bash
.bash_history
.bash_profile
.bashrc

sent 14,952 bytes  received 920 bytes  10,581.33 bytes/sec
total size is 18,223  speedup is 1.15
sending incremental file list
.bash
.bash_history
.bash_logout
.bash_profile
.bashrc

sent 18,560 bytes  received 111 bytes  37,342.00 bytes/sec
total size is 18,223  speedup is 0.98
sending incremental file list
.bash_history

sent 941 bytes  received 101 bytes  2,084.00 bytes/sec
total size is 18,223  speedup is 17.49
sending incremental file list
.bash_history

sent 309 bytes  received 107 bytes  277.33 bytes/sec
total size is 18,287  speedup is 43.96
sending incremental file list
.bash_history

sent 309 bytes  received 107 bytes  166.40 bytes/sec
total size is 18,287  speedup is 43.96
sending incremental file list
.bash_history

sent 309 bytes  received 107 bytes  75.64 bytes/sec
total size is 18,287  speedup is 43.96
sending incremental file list
.bash_history

sent 309 bytes  received 107 bytes  64.00 bytes/sec
total size is 18,287  speedup is 43.96
sending incremental file list

sent 118 bytes  received 12 bytes  12.38 bytes/sec
total size is 18,287  speedup is 140.67
sending incremental file list

sent 118 bytes  received 12 bytes  12.38 bytes/sec
total size is 18,287  speedup is 140.67
sending incremental file list

sent 118 bytes  received 12 bytes  7.88 bytes/sec
total size is 18,287  speedup is 140.67
sending incremental file list

sent 118 bytes  received 12 bytes  8.39 bytes/sec
total size is 18,287  speedup is 140.67
sending incremental file list

sent 118 bytes  received 12 bytes  86.67 bytes/sec
total size is 18,287  speedup is 140.67
sending incremental file list

sent 118 bytes  received 12 bytes  20.00 bytes/sec
total size is 18,287  speedup is 140.67
sending incremental file list

sent 118 bytes  received 12 bytes  11.30 bytes/sec
total size is 18,287  speedup is 140.67
sending incremental file list
.bash_history

sent 1,077 bytes  received 101 bytes  214.18 bytes/sec
total size is 18,360  speedup is 15.59
sending incremental file list
.bash_history

sent 390 bytes  received 107 bytes  994.00 bytes/sec
total size is 18,368  speedup is 36.96
sending incremental file list
.bash
.bash_history
.bash_logout
.bash_profile
.bashrc

sent 18,705 bytes  received 111 bytes  12,544.00 bytes/sec
total size is 18,368  speedup is 0.98
sending incremental file list
.bash_history

sent 404 bytes  received 107 bytes  340.67 bytes/sec
total size is 18,382  speedup is 35.97
sending incremental file list
.bash_history

sent 404 bytes  received 107 bytes  1,022.00 bytes/sec
total size is 18,382  speedup is 35.97
sending incremental file list
.bash
.bash_history
.bash_logout
.bash_profile
.bashrc

sent 18,719 bytes  received 111 bytes  37,660.00 bytes/sec
total size is 18,382  speedup is 0.98
sending incremental file list
.bash_history

sent 416 bytes  received 107 bytes  1,046.00 bytes/sec
total size is 18,394  speedup is 35.17
sending incremental file list
.bash
.bash_history
.bash_logout
.bash_profile
.bashrc

sent 18,745 bytes  received 111 bytes  12,570.67 bytes/sec
total size is 18,408  speedup is 0.98
sending incremental file list

sent 118 bytes  received 12 bytes  260.00 bytes/sec
total size is 18,408  speedup is 141.60
sending incremental file list
.bash_history

sent 436 bytes  received 107 bytes  1,086.00 bytes/sec
total size is 18,414  speedup is 33.91
sending incremental file list
.bash
.bash_history
.bash_logout
.bash_profile
.bashrc

sent 18,757 bytes  received 111 bytes  7,547.20 bytes/sec
total size is 18,421  speedup is 0.98
sending incremental file list
.bash_history

sent 448 bytes  received 107 bytes  1,110.00 bytes/sec
total size is 18,427  speedup is 33.20
sending incremental file list
.bash
.bash_history
.bash_logout
.bash_profile
.bashrc

sent 18,763 bytes  received 111 bytes  4,194.22 bytes/sec
total size is 18,427  speedup is 0.98
sending incremental file list
.bash_history

sent 462 bytes  received 107 bytes  227.60 bytes/sec
total size is 18,440  speedup is 32.41
sending incremental file list
.bash_history

sent 468 bytes  received 107 bytes  383.33 bytes/sec
total size is 18,446  speedup is 32.08
sending incremental file list
.bash_history
.bash_logout
.bash_profile

sent 748 bytes  received 145 bytes  1,786.00 bytes/sec
total size is 18,446  speedup is 20.66
sending incremental file list
.bash_history

sent 480 bytes  received 107 bytes  391.33 bytes/sec
total size is 18,458  speedup is 31.44
sending incremental file list

sent 118 bytes  received 12 bytes  260.00 bytes/sec
total size is 18,458  speedup is 141.98
sending incremental file list
.bash_history

sent 480 bytes  received 107 bytes  167.71 bytes/sec
total size is 18,458  speedup is 31.44
sending incremental file list
.bash_history

sent 480 bytes  received 107 bytes  391.33 bytes/sec
total size is 18,458  speedup is 31.44
sending incremental file list

sent 118 bytes  received 12 bytes  260.00 bytes/sec
total size is 18,458  speedup is 141.98
sending incremental file list

sent 118 bytes  received 12 bytes  86.67 bytes/sec
total size is 18,458  speedup is 141.98
sending incremental file list

sent 118 bytes  received 12 bytes  86.67 bytes/sec
total size is 18,458  speedup is 141.98
sending incremental file list
.bash_history

sent 573 bytes  received 107 bytes  1,360.00 bytes/sec
total size is 18,552  speedup is 27.28
sending incremental file list
.bash_history
.bashrc

sent 7,756 bytes  received 174 bytes  5,286.67 bytes/sec
total size is 18,552  speedup is 2.34
sending incremental file list

sent 117 bytes  received 12 bytes  258.00 bytes/sec
total size is 18,552  speedup is 143.81
sending incremental file list

sent 117 bytes  received 12 bytes  86.00 bytes/sec
total size is 18,552  speedup is 143.81
sending incremental file list

sent 117 bytes  received 12 bytes  258.00 bytes/sec
total size is 18,552  speedup is 143.81
sending incremental file list
.bash_history
.bash_logout
.bash_profile

sent 861 bytes  received 145 bytes  670.67 bytes/sec
total size is 18,559  speedup is 18.45
sending incremental file list
.bash_history

sent 600 bytes  received 107 bytes  471.33 bytes/sec
total size is 18,579  speedup is 26.28
sending incremental file list
.bash_history

sent 606 bytes  received 107 bytes  475.33 bytes/sec
total size is 18,584  speedup is 26.06
sending incremental file list

sent 118 bytes  received 12 bytes  86.67 bytes/sec
total size is 18,584  speedup is 142.95
sending incremental file list
.bash
.bash_history
.bash_logout
.bash_profile
.bashrc

sent 18,964 bytes  received 111 bytes  12,716.67 bytes/sec
total size is 18,627  speedup is 0.98
sending incremental file list
.bash
.bash_history
.bash_logout
.bash_profile
.bashrc

sent 18,964 bytes  received 111 bytes  12,716.67 bytes/sec
total size is 18,627  speedup is 0.98
sending incremental file list
.bash_history

sent 662 bytes  received 107 bytes  512.67 bytes/sec
total size is 18,640  speedup is 24.24
sending incremental file list

sent 118 bytes  received 12 bytes  260.00 bytes/sec
total size is 18,640  speedup is 143.38
sending incremental file list
.bash_history

sent 671 bytes  received 107 bytes  518.67 bytes/sec
total size is 18,650  speedup is 23.97
sending incremental file list
.bash_history

sent 678 bytes  received 107 bytes  523.33 bytes/sec
total size is 18,657  speedup is 23.77
sending incremental file list
.bash_history

sent 678 bytes  received 107 bytes  523.33 bytes/sec
total size is 18,657  speedup is 23.77
sending incremental file list
.bash_history

sent 678 bytes  received 107 bytes  523.33 bytes/sec
total size is 18,657  speedup is 23.77
sending incremental file list
.bash_history

sent 699 bytes  received 107 bytes  1,612.00 bytes/sec
total size is 18,678  speedup is 23.17
sending incremental file list
.bash_history

sent 699 bytes  received 107 bytes  537.33 bytes/sec
total size is 18,678  speedup is 23.17
sending incremental file list
.bash_history

sent 699 bytes  received 107 bytes  1,612.00 bytes/sec
total size is 18,678  speedup is 23.17
sending incremental file list

sent 117 bytes  received 12 bytes  258.00 bytes/sec
total size is 18,678  speedup is 144.79
sending incremental file list

sent 117 bytes  received 12 bytes  86.00 bytes/sec
total size is 18,678  speedup is 144.79
sending incremental file list
.bash_history

sent 699 bytes  received 107 bytes  537.33 bytes/sec
total size is 18,678  speedup is 23.17
sending incremental file list
.bash_history

sent 2,950 bytes  received 107 bytes  2,038.00 bytes/sec
total size is 20,928  speedup is 6.85
sending incremental file list
.bash
.bash_history
.bash_logout
.bash_profile
.bashrc

sent 21,265 bytes  received 111 bytes  4,750.22 bytes/sec
total size is 20,928  speedup is 0.98
sending incremental file list
.bash_history
.bash_logout
.bash_profile

sent 3,242 bytes  received 145 bytes  6,774.00 bytes/sec
total size is 20,940  speedup is 6.18
sending incremental file list

sent 118 bytes  received 12 bytes  260.00 bytes/sec
total size is 20,940  speedup is 161.08
sending incremental file list
.bash_history

sent 2,980 bytes  received 107 bytes  6,174.00 bytes/sec
total size is 20,958  speedup is 6.79
sending incremental file list
.bash
.bash_history
.bash_logout
.bash_profile
.bashrc

sent 21,300 bytes  received 111 bytes  8,564.40 bytes/sec
total size is 20,963  speedup is 0.98
sending incremental file list

sent 118 bytes  received 12 bytes  86.67 bytes/sec
total size is 20,963  speedup is 161.25
sending incremental file list
.bash_history

sent 902 bytes  received 125 bytes  2,054.00 bytes/sec
total size is 20,969  speedup is 20.42
sending incremental file list
.bash_history
.bash_logout
.bash_profile

sent 3,283 bytes  received 145 bytes  6,856.00 bytes/sec
total size is 20,981  speedup is 6.12
sending incremental file list
.bash
.bash_history
.bash_logout
.bash_profile
.bashrc

sent 21,324 bytes  received 111 bytes  42,870.00 bytes/sec
total size is 20,988  speedup is 0.98
sending incremental file list
.bash_history

sent 929 bytes  received 125 bytes  2,108.00 bytes/sec
total size is 20,995  speedup is 19.92
sending incremental file list
.bash_history

sent 937 bytes  received 125 bytes  708.00 bytes/sec
total size is 21,003  speedup is 19.78
sending incremental file list
.bash_history

sent 241 bytes  received 131 bytes  744.00 bytes/sec
total size is 21,003  speedup is 56.46
sending incremental file list
.bash_history
.bash_logout
.bash_profile

sent 1,217 bytes  received 163 bytes  2,760.00 bytes/sec
total size is 21,003  speedup is 15.22
sending incremental file list

sent 118 bytes  received 12 bytes  260.00 bytes/sec
total size is 21,003  speedup is 161.56
sending incremental file list
.bash_history
.bash_logout
.bash_profile

sent 1,245 bytes  received 163 bytes  2,816.00 bytes/sec
total size is 21,031  speedup is 14.94
sending incremental file list
.bash
.bash_history
.bash_logout
.bash_profile
.bashrc

sent 21,374 bytes  received 111 bytes  14,323.33 bytes/sec
total size is 21,037  speedup is 0.98
sending incremental file list
.bash_history

sent 282 bytes  received 131 bytes  826.00 bytes/sec
total size is 21,044  speedup is 50.95
sending incremental file list
.bash_history

sent 278 bytes  received 131 bytes  818.00 bytes/sec
total size is 21,052  speedup is 51.47
sending incremental file list
.bash_history

sent 315 bytes  received 131 bytes  892.00 bytes/sec
total size is 21,078  speedup is 47.26
sending incremental file list

sent 117 bytes  received 12 bytes  86.00 bytes/sec
total size is 21,078  speedup is 163.40
sending incremental file list
.bash_history

sent 315 bytes  received 131 bytes  892.00 bytes/sec
total size is 21,078  speedup is 47.26
sending incremental file list
.bash_history

sent 315 bytes  received 131 bytes  892.00 bytes/sec
total size is 21,078  speedup is 47.26
sending incremental file list

sent 117 bytes  received 12 bytes  258.00 bytes/sec
total size is 21,078  speedup is 163.40
sending incremental file list
.bash
.bash_history
.bash_logout
.bash_profile
.bashrc

sent 21,431 bytes  received 111 bytes  43,084.00 bytes/sec
total size is 21,094  speedup is 0.98
sending incremental file list
.bash_history

sent 339 bytes  received 131 bytes  313.33 bytes/sec
total size is 21,101  speedup is 44.90
sending incremental file list
.bash
.bash_history
.bash_logout
.bash_profile
.bashrc

sent 21,446 bytes  received 111 bytes  1,596.81 bytes/sec
total size is 21,109  speedup is 0.98
sending incremental file list
.bash_history
.bash_logout
.bash_profile

sent 633 bytes  received 169 bytes  1,604.00 bytes/sec
total size is 21,115  speedup is 26.33
sending incremental file list
.bash_history

sent 361 bytes  received 131 bytes  984.00 bytes/sec
total size is 21,123  speedup is 42.93
sending incremental file list

sent 118 bytes  received 12 bytes  86.67 bytes/sec
total size is 21,123  speedup is 162.48
sending incremental file list
.bash
.bash_history
.bash_logout
.bash_profile
.bashrc

sent 21,460 bytes  received 111 bytes  14,380.67 bytes/sec
total size is 21,123  speedup is 0.98
sending incremental file list

sent 118 bytes  received 12 bytes  260.00 bytes/sec
total size is 21,123  speedup is 162.48
sending incremental file list
.bash
.bash_history
.bash_logout
.bash_profile
.bashrc

sent 21,475 bytes  received 111 bytes  43,172.00 bytes/sec
total size is 21,138  speedup is 0.98
sending incremental file list
.bash_history

sent 383 bytes  received 131 bytes  1,028.00 bytes/sec
total size is 21,145  speedup is 41.14
sending incremental file list
.bash_history

sent 390 bytes  received 131 bytes  1,042.00 bytes/sec
total size is 21,153  speedup is 40.60
sending incremental file list
.bash
.bash_history
.bash_logout
.bash_profile
.bashrc

sent 21,489 bytes  received 111 bytes  8,640.00 bytes/sec
total size is 21,153  speedup is 0.98
sending incremental file list
.bash
.bash_history
.bash_logout
.bash_profile
.bashrc

sent 21,489 bytes  received 111 bytes  14,400.00 bytes/sec
total size is 21,153  speedup is 0.98
sending incremental file list

sent 117 bytes  received 12 bytes  86.00 bytes/sec
total size is 21,153  speedup is 163.98
sending incremental file list
.bash_history

sent 398 bytes  received 131 bytes  352.67 bytes/sec
total size is 21,161  speedup is 40.00
sending incremental file list
.bash
.bash_history
.bash_logout
.bash_profile
.bashrc

sent 21,497 bytes  received 111 bytes  14,405.33 bytes/sec
total size is 21,161  speedup is 0.98
sending incremental file list

sent 117 bytes  received 12 bytes  86.00 bytes/sec
total size is 21,161  speedup is 164.04
sending incremental file list

sent 117 bytes  received 12 bytes  86.00 bytes/sec
total size is 21,161  speedup is 164.04
sending incremental file list

sent 117 bytes  received 12 bytes  86.00 bytes/sec
total size is 21,161  speedup is 164.04
sending incremental file list
.bash_history

sent 398 bytes  received 131 bytes  1,058.00 bytes/sec
total size is 21,161  speedup is 40.00
sending incremental file list
.bash
.bash_history
.bash_logout
.bash_profile
.bashrc

sent 21,497 bytes  received 111 bytes  43,216.00 bytes/sec
total size is 21,161  speedup is 0.98
sending incremental file list
.bashrc

sent 774 bytes  received 125 bytes  599.33 bytes/sec
total size is 21,285  speedup is 23.68
sending incremental file list
.bash_history

sent 461 bytes  received 131 bytes  1,184.00 bytes/sec
total size is 21,347  speedup is 36.06
sending incremental file list
.bash
.bash_history
.bash_logout
.bash_profile
.bashrc

sent 21,684 bytes  received 111 bytes  8,718.00 bytes/sec
total size is 21,347  speedup is 0.98
sending incremental file list
.bash
.bash_history
.bash_logout
.bash_profile
.bashrc

sent 21,722 bytes  received 111 bytes  14,555.33 bytes/sec
total size is 21,384  speedup is 0.98
sending incremental file list
.bash
.bash_history
.bash_logout
.bash_profile
.bashrc

sent 21,722 bytes  received 111 bytes  14,555.33 bytes/sec
total size is 21,384  speedup is 0.98
sending incremental file list
.bash_history

sent 504 bytes  received 131 bytes  141.11 bytes/sec
total size is 21,390  speedup is 33.69
sending incremental file list

sent 118 bytes  received 12 bytes  86.67 bytes/sec
total size is 21,390  speedup is 164.54
sending incremental file list
.bash
.bash_history
.bash_logout
.bash_profile
.bashrc

sent 21,727 bytes  received 111 bytes  14,558.67 bytes/sec
total size is 21,390  speedup is 0.98
sending incremental file list

sent 118 bytes  received 12 bytes  260.00 bytes/sec
total size is 21,390  speedup is 164.54
sending incremental file list

sent 118 bytes  received 12 bytes  260.00 bytes/sec
total size is 21,390  speedup is 164.54
sending incremental file list

sent 118 bytes  received 12 bytes  260.00 bytes/sec
total size is 21,390  speedup is 164.54
sending incremental file list
.bash_history

sent 504 bytes  received 131 bytes  423.33 bytes/sec
total size is 21,390  speedup is 33.69
sending incremental file list
.bash
.bash_history
.bash_logout
.bash_profile
.bashrc

sent 21,807 bytes  received 111 bytes  8,767.20 bytes/sec
total size is 21,469  speedup is 0.98
sending incremental file list
.bash_history

sent 584 bytes  received 131 bytes  476.67 bytes/sec
total size is 21,469  speedup is 30.03
sending incremental file list
.bash_history
.bashrc

sent 1,236 bytes  received 240 bytes  2,952.00 bytes/sec
total size is 21,469  speedup is 14.55
sending incremental file list
.bash_history
.bashrc

sent 1,236 bytes  received 240 bytes  984.00 bytes/sec
total size is 21,469  speedup is 14.55
sending incremental file list
.bash_history
.bashrc

sent 1,236 bytes  received 240 bytes  2,952.00 bytes/sec
total size is 21,469  speedup is 14.55
sending incremental file list

sent 119 bytes  received 12 bytes  262.00 bytes/sec
total size is 21,469  speedup is 163.89
sending incremental file list
.bash_history

sent 584 bytes  received 131 bytes  476.67 bytes/sec
total size is 21,469  speedup is 30.03
sending incremental file list
.bash_history

sent 618 bytes  received 131 bytes  499.33 bytes/sec
total size is 21,503  speedup is 28.71
sending incremental file list
.bash_history

sent 644 bytes  received 131 bytes  1,550.00 bytes/sec
total size is 21,529  speedup is 27.78
sending incremental file list
.bash_history

sent 651 bytes  received 131 bytes  312.80 bytes/sec
total size is 21,536  speedup is 27.54
sending incremental file list
.bash_history

sent 651 bytes  received 131 bytes  50.45 bytes/sec
total size is 21,536  speedup is 27.54
sending incremental file list

sent 119 bytes  received 12 bytes  262.00 bytes/sec
total size is 21,536  speedup is 164.40
sending incremental file list
.bash
.bash_history
.bash_logout
.bash_profile
.bashrc

sent 21,874 bytes  received 111 bytes  43,970.00 bytes/sec
total size is 21,536  speedup is 0.98
sending incremental file list
.bash_history

sent 685 bytes  received 131 bytes  544.00 bytes/sec
total size is 21,571  speedup is 26.44
sending incremental file list
.bash_history

sent 685 bytes  received 131 bytes  1,632.00 bytes/sec
total size is 21,571  speedup is 26.44
sending incremental file list
.bash
.bash_history
.bash_logout
.bash_profile
.bashrc

sent 21,922 bytes  received 111 bytes  44,066.00 bytes/sec
total size is 21,585  speedup is 0.98
sending incremental file list
.bash
.bash_history
.bash_logout
.bash_profile
.bashrc

sent 22,023 bytes  received 111 bytes  8,853.60 bytes/sec
total size is 21,685  speedup is 0.98
sending incremental file list
.bash_history

sent 805 bytes  received 131 bytes  624.00 bytes/sec
total size is 21,691  speedup is 23.17
sending incremental file list
.bash
.bash_history
.bash_logout
.bash_profile
.bashrc

sent 22,028 bytes  received 111 bytes  8,855.60 bytes/sec
total size is 21,691  speedup is 0.98
sending incremental file list
.bash_history

sent 805 bytes  received 131 bytes  1,872.00 bytes/sec
total size is 21,691  speedup is 23.17
sending incremental file list

sent 118 bytes  received 12 bytes  12.38 bytes/sec
total size is 21,691  speedup is 166.85
sending incremental file list
.bash_history

sent 805 bytes  received 131 bytes  624.00 bytes/sec
total size is 21,691  speedup is 23.17
sending incremental file list
.bash
.bash_history
.bash_logout
.bash_profile
.bashrc

sent 22,057 bytes  received 111 bytes  14,778.67 bytes/sec
total size is 21,719  speedup is 0.98
sending incremental file list
.bash_history

sent 840 bytes  received 131 bytes  647.33 bytes/sec
total size is 21,725  speedup is 22.37
sending incremental file list
.bash_history

sent 844 bytes  received 131 bytes  650.00 bytes/sec
total size is 21,730  speedup is 22.29
sending incremental file list
.bash_history

sent 844 bytes  received 131 bytes  150.00 bytes/sec
total size is 21,730  speedup is 22.29
sending incremental file list
.bash_history

sent 857 bytes  received 131 bytes  1,976.00 bytes/sec
total size is 21,743  speedup is 22.01
sending incremental file list
.bash
.bash_history
.bash_logout
.bash_profile
.bashrc

sent 22,080 bytes  received 111 bytes  2,958.80 bytes/sec
total size is 21,743  speedup is 0.98
sending incremental file list
.bash_history

sent 869 bytes  received 131 bytes  2,000.00 bytes/sec
total size is 21,754  speedup is 21.75
sending incremental file list
.bash
.bash_history
.bash_logout
.bash_profile
.bashrc

sent 22,092 bytes  received 111 bytes  8,881.20 bytes/sec
total size is 21,754  speedup is 0.98
sending incremental file list
.bash_history

sent 879 bytes  received 131 bytes  51.79 bytes/sec
total size is 21,765  speedup is 21.55
sending incremental file list
.bash_history

sent 879 bytes  received 131 bytes  673.33 bytes/sec
total size is 21,765  speedup is 21.55
sending incremental file list
.bash_history

sent 896 bytes  received 131 bytes  2,054.00 bytes/sec
total size is 21,781  speedup is 21.21
sending incremental file list
.bash_history

sent 896 bytes  received 131 bytes  2,054.00 bytes/sec
total size is 21,781  speedup is 21.21
sending incremental file list
.bash_history

sent 896 bytes  received 131 bytes  2,054.00 bytes/sec
total size is 21,781  speedup is 21.21
sending incremental file list
.bash_history

sent 896 bytes  received 131 bytes  684.67 bytes/sec
total size is 21,781  speedup is 21.21
sending incremental file list
.bash_history

sent 896 bytes  received 131 bytes  158.00 bytes/sec
total size is 21,781  speedup is 21.21
sending incremental file list
.bash
.bash_history
.bash_logout
.bash_profile
.bashrc

sent 22,119 bytes  received 111 bytes  8,892.00 bytes/sec
total size is 21,781  speedup is 0.98
sending incremental file list
.bash
.bash_history
.bash_logout
.bash_profile
.bashrc

sent 22,124 bytes  received 111 bytes  44,470.00 bytes/sec
total size is 21,786  speedup is 0.98
sending incremental file list
.bash_history

sent 969 bytes  received 131 bytes  2,200.00 bytes/sec
total size is 21,854  speedup is 19.87
sending incremental file list
.bash_history

sent 974 bytes  received 131 bytes  2,210.00 bytes/sec
total size is 21,859  speedup is 19.78
sending incremental file list
.bash
.bash_history
.bash_logout
.bash_profile
.bashrc

sent 22,197 bytes  received 111 bytes  44,616.00 bytes/sec
total size is 21,859  speedup is 0.98
sending incremental file list

sent 119 bytes  received 12 bytes  262.00 bytes/sec
total size is 21,859  speedup is 166.86
sending incremental file list

sent 119 bytes  received 12 bytes  262.00 bytes/sec
total size is 21,859  speedup is 166.86
sending incremental file list

sent 119 bytes  received 12 bytes  262.00 bytes/sec
total size is 21,859  speedup is 166.86
sending incremental file list
.bash_history

sent 1,006 bytes  received 131 bytes  2,274.00 bytes/sec
total size is 21,891  speedup is 19.25
sending incremental file list
.bash_history

sent 310 bytes  received 137 bytes  894.00 bytes/sec
total size is 21,891  speedup is 48.97
sending incremental file list
.bash
.bash_history
.bash_logout
.bash_profile
.bashrc

sent 22,240 bytes  received 111 bytes  14,900.67 bytes/sec
total size is 21,902  speedup is 0.98
sending incremental file list
.bash_history

sent 1,033 bytes  received 131 bytes  2,328.00 bytes/sec
total size is 21,918  speedup is 18.83
sending incremental file list
.bash_history
.bash_logout
.bash_profile

sent 1,320 bytes  received 169 bytes  2,978.00 bytes/sec
total size is 21,925  speedup is 14.72
sending incremental file list
.bash_history
.bash_logout
.bash_profile

sent 632 bytes  received 175 bytes  538.00 bytes/sec
total size is 21,933  speedup is 27.18
sending incremental file list
.bash
.bash_history
.bash_logout
.bash_profile
.bashrc

sent 22,271 bytes  received 111 bytes  14,921.33 bytes/sec
total size is 21,933  speedup is 0.98
sending incremental file list
.bash
.bash_history
.bash_logout
.bash_profile
.bashrc

sent 22,282 bytes  received 111 bytes  44,786.00 bytes/sec
total size is 21,944  speedup is 0.98
sending incremental file list
.bash_history

sent 369 bytes  received 137 bytes  337.33 bytes/sec
total size is 21,951  speedup is 43.38
sending incremental file list
.bash_history
.bash_logout
.bash_profile

sent 649 bytes  received 175 bytes  1,648.00 bytes/sec
total size is 21,951  speedup is 26.64
sending incremental file list
.bash_history

sent 385 bytes  received 137 bytes  1,044.00 bytes/sec
total size is 21,967  speedup is 42.08
sending incremental file list
.bash_history
.bash_logout
.bash_profile

sent 671 bytes  received 175 bytes  564.00 bytes/sec
total size is 21,972  speedup is 25.97
sending incremental file list
.bash
.bash_history
.bash_logout
.bash_profile
.bashrc

sent 22,310 bytes  received 111 bytes  44,842.00 bytes/sec
total size is 21,972  speedup is 0.98
sending incremental file list
.bash_history

sent 398 bytes  received 137 bytes  1,070.00 bytes/sec
total size is 21,979  speedup is 41.08
sending incremental file list
.bash_history

sent 398 bytes  received 137 bytes  356.67 bytes/sec
total size is 21,979  speedup is 41.08
sending incremental file list
.bash
.bash_history
.bash_logout
.bash_profile
.bashrc

sent 22,336 bytes  received 111 bytes  8,978.80 bytes/sec
total size is 21,998  speedup is 0.98
sending incremental file list
.bash
.bash_history
.bash_logout
.bash_profile
.bashrc

sent 22,342 bytes  received 111 bytes  44,906.00 bytes/sec
total size is 22,004  speedup is 0.98
sending incremental file list
.bash
.bash_history
.bash_logout
.bash_profile
.bashrc

sent 22,347 bytes  received 111 bytes  14,972.00 bytes/sec
total size is 22,011  speedup is 0.98
sending incremental file list

sent 117 bytes  received 12 bytes  258.00 bytes/sec
total size is 22,011  speedup is 170.63
sending incremental file list
.bash_history

sent 428 bytes  received 137 bytes  376.67 bytes/sec
total size is 22,011  speedup is 38.96
sending incremental file list
.bash_history

sent 428 bytes  received 137 bytes  1,130.00 bytes/sec
total size is 22,011  speedup is 38.96
sending incremental file list
.bash
.bash_history
.bash_logout
.bash_profile
.bashrc

sent 22,347 bytes  received 111 bytes  44,916.00 bytes/sec
total size is 22,011  speedup is 0.98
sending incremental file list
.bash
.bash_history
.bash_logout
.bash_profile
.bashrc

sent 22,347 bytes  received 111 bytes  44,916.00 bytes/sec
total size is 22,011  speedup is 0.98
sending incremental file list
.bash_history

sent 428 bytes  received 137 bytes  376.67 bytes/sec
total size is 22,011  speedup is 38.96
sending incremental file list
.bash_history

sent 1,124 bytes  received 131 bytes  836.67 bytes/sec
total size is 22,011  speedup is 17.54
sending incremental file list
.bash
.bash_history
.bash_logout
.bash_profile
.bashrc

sent 22,347 bytes  received 111 bytes  3,455.08 bytes/sec
total size is 22,011  speedup is 0.98
sending incremental file list
.bash_history

sent 518 bytes  received 137 bytes  436.67 bytes/sec
total size is 22,099  speedup is 33.74
sending incremental file list
.bash_history

sent 518 bytes  received 137 bytes  1,310.00 bytes/sec
total size is 22,099  speedup is 33.74
sending incremental file list
.bash_history

sent 518 bytes  received 137 bytes  68.95 bytes/sec
total size is 22,099  speedup is 33.74
sending incremental file list
.bash_history

sent 518 bytes  received 137 bytes  31.95 bytes/sec
total size is 22,099  speedup is 33.74
sending incremental file list

sent 119 bytes  received 12 bytes  9.70 bytes/sec
total size is 22,099  speedup is 168.69
sending incremental file list

sent 119 bytes  received 12 bytes  6.09 bytes/sec
total size is 22,099  speedup is 168.69
sending incremental file list

sent 119 bytes  received 12 bytes  3.16 bytes/sec
total size is 22,099  speedup is 168.69
sending incremental file list

sent 119 bytes  received 12 bytes  87.33 bytes/sec
total size is 22,099  speedup is 168.69
sending incremental file list
.bash_history

sent 518 bytes  received 137 bytes  15.78 bytes/sec
total size is 22,099  speedup is 33.74
sending incremental file list
.bash_history

sent 531 bytes  received 137 bytes  16.49 bytes/sec
total size is 22,112  speedup is 33.10
sending incremental file list

sent 119 bytes  received 12 bytes  3.23 bytes/sec
total size is 22,112  speedup is 168.79
sending incremental file list

sent 119 bytes  received 12 bytes  3.23 bytes/sec
total size is 22,112  speedup is 168.79
sending incremental file list

sent 119 bytes  received 12 bytes  3.23 bytes/sec
total size is 22,112  speedup is 168.79
sending incremental file list

sent 119 bytes  received 12 bytes  3.23 bytes/sec
total size is 22,112  speedup is 168.79
sending incremental file list

sent 119 bytes  received 12 bytes  3.23 bytes/sec
total size is 22,112  speedup is 168.79
sending incremental file list

sent 119 bytes  received 12 bytes  262.00 bytes/sec
total size is 22,112  speedup is 168.79
sending incremental file list

sent 119 bytes  received 12 bytes  3.23 bytes/sec
total size is 22,112  speedup is 168.79
sending incremental file list

sent 119 bytes  received 12 bytes  3.23 bytes/sec
total size is 22,112  speedup is 168.79
sending incremental file list

sent 119 bytes  received 12 bytes  3.23 bytes/sec
total size is 22,112  speedup is 168.79
sending incremental file list
.bash
.bash_history
.bash_logout
.bash_profile
.bashrc

sent 22,450 bytes  received 111 bytes  45,122.00 bytes/sec
total size is 22,112  speedup is 0.98
sending incremental file list

sent 119 bytes  received 12 bytes  87.33 bytes/sec
total size is 22,112  speedup is 168.79
sending incremental file list
.bash_history

sent 531 bytes  received 137 bytes  1,336.00 bytes/sec
total size is 22,112  speedup is 33.10
sending incremental file list
.bash_history

sent 531 bytes  received 137 bytes  1,336.00 bytes/sec
total size is 22,112  speedup is 33.10
sending incremental file list
.bash_history

sent 531 bytes  received 137 bytes  43.10 bytes/sec
total size is 22,112  speedup is 33.10
sending incremental file list
.bash_history

sent 531 bytes  received 137 bytes  32.59 bytes/sec
total size is 22,112  speedup is 33.10
sending incremental file list
.bash_history

sent 531 bytes  received 137 bytes  58.09 bytes/sec
total size is 22,112  speedup is 33.10
sending incremental file list
.bash_history

sent 543 bytes  received 137 bytes  453.33 bytes/sec
total size is 22,124  speedup is 32.54
sending incremental file list

sent 119 bytes  received 12 bytes  87.33 bytes/sec
total size is 22,124  speedup is 168.89
sending incremental file list
.bash_history

sent 543 bytes  received 137 bytes  64.76 bytes/sec
total size is 22,124  speedup is 32.54
sending incremental file list
.bash_history

sent 543 bytes  received 137 bytes  1,360.00 bytes/sec
total size is 22,124  speedup is 32.54
sending incremental file list
.bash
.bash_history
.bash_logout
.bash_profile
.bashrc

sent 22,515 bytes  received 111 bytes  1,676.00 bytes/sec
total size is 22,178  speedup is 0.98
sending incremental file list
.bash_history

sent 603 bytes  received 137 bytes  1,480.00 bytes/sec
total size is 22,184  speedup is 29.98
sending incremental file list
.bash_history

sent 603 bytes  received 137 bytes  1,480.00 bytes/sec
total size is 22,184  speedup is 29.98
sending incremental file list
.bash
.bash_history
.bash_logout
.bash_profile
.bashrc

sent 22,535 bytes  received 111 bytes  9,058.40 bytes/sec
total size is 22,197  speedup is 0.98
sending incremental file list
.bash
.bash_history
.bash_logout
.bash_profile
.bashrc

sent 22,535 bytes  received 111 bytes  15,097.33 bytes/sec
total size is 22,197  speedup is 0.98
sending incremental file list
.bash_history
.bash_logout
.bash_profile
.bashrc

sent 1,707 bytes  received 284 bytes  1,327.33 bytes/sec
total size is 22,211  speedup is 11.16
sending incremental file list
.bash_history
.bashrc

sent 1,427 bytes  received 246 bytes  3,346.00 bytes/sec
total size is 22,211  speedup is 13.28
sending incremental file list
.bash_history
.bashrc

sent 1,427 bytes  received 246 bytes  3,346.00 bytes/sec
total size is 22,211  speedup is 13.28
sending incremental file list
.bash_history
.bashrc

sent 1,427 bytes  received 246 bytes  3,346.00 bytes/sec
total size is 22,211  speedup is 13.28
sending incremental file list

sent 117 bytes  received 12 bytes  258.00 bytes/sec
total size is 22,211  speedup is 172.18
sending incremental file list
.bash_history
.bashrc

sent 1,427 bytes  received 246 bytes  3,346.00 bytes/sec
total size is 22,211  speedup is 13.28
sending incremental file list
.bash_history
.bashrc

sent 1,427 bytes  received 246 bytes  3,346.00 bytes/sec
total size is 22,211  speedup is 13.28
sending incremental file list
.bash
.bash_history
.bash_logout
.bash_profile
.bashrc

sent 22,679 bytes  received 111 bytes  15,193.33 bytes/sec
total size is 22,342  speedup is 0.98
sending incremental file list
.bash_history

sent 784 bytes  received 137 bytes  1,842.00 bytes/sec
total size is 22,367  speedup is 24.29
sending incremental file list
.bash_history
.bash_logout
.bash_profile

sent 1,064 bytes  received 175 bytes  2,478.00 bytes/sec
total size is 22,367  speedup is 18.05
sending incremental file list
.bash_history

sent 796 bytes  received 137 bytes  622.00 bytes/sec
total size is 22,379  speedup is 23.99
sending incremental file list
.bash
.bash_history
.bash_logout
.bash_profile
.bashrc

sent 22,716 bytes  received 111 bytes  643.01 bytes/sec
total size is 22,379  speedup is 0.98
sending incremental file list
.bash_history

sent 796 bytes  received 137 bytes  207.33 bytes/sec
total size is 22,379  speedup is 23.99
sending incremental file list
.bash
.bash_history
.bash_logout
.bash_profile
.bashrc

sent 22,814 bytes  received 111 bytes  45,850.00 bytes/sec
total size is 22,477  speedup is 0.98
sending incremental file list
.bash
.bash_history
.bash_logout
.bash_profile
.bashrc

sent 22,826 bytes  received 111 bytes  45,874.00 bytes/sec
total size is 22,489  speedup is 0.98
sending incremental file list
.bash_history

sent 912 bytes  received 137 bytes  699.33 bytes/sec
total size is 22,496  speedup is 21.45
sending incremental file list
.bash_history
.bash_logout
.bash_profile

sent 1,192 bytes  received 175 bytes  911.33 bytes/sec
total size is 22,496  speedup is 16.46
sending incremental file list
.bash
.bash_history
.bash_logout
.bash_profile
.bashrc

sent 22,832 bytes  received 111 bytes  15,295.33 bytes/sec
total size is 22,496  speedup is 0.98
sending incremental file list
.bash_history

sent 983 bytes  received 137 bytes  2,240.00 bytes/sec
total size is 22,566  speedup is 20.15
sending incremental file list
.bash_history

sent 294 bytes  received 143 bytes  291.33 bytes/sec
total size is 22,573  speedup is 51.65
sending incremental file list
.bash_history

sent 990 bytes  received 137 bytes  751.33 bytes/sec
total size is 22,573  speedup is 20.03
sending incremental file list
.bash_history
.bash_logout
.bash_profile

sent 1,270 bytes  received 175 bytes  2,890.00 bytes/sec
total size is 22,573  speedup is 15.62
sending incremental file list
.bash
.bash_history
.bash_logout
.bash_profile
.bashrc

sent 22,910 bytes  received 111 bytes  46,042.00 bytes/sec
total size is 22,573  speedup is 0.98
sending incremental file list
.bash
.bash_history
.bash_logout
.bash_profile
.bashrc

sent 22,910 bytes  received 111 bytes  46,042.00 bytes/sec
total size is 22,573  speedup is 0.98
sending incremental file list

sent 118 bytes  received 12 bytes  86.67 bytes/sec
total size is 22,573  speedup is 173.64
sending incremental file list
.bash
.bash_history
.bash_logout
.bash_profile
.bashrc

sent 22,910 bytes  received 111 bytes  46,042.00 bytes/sec
total size is 22,573  speedup is 0.98
sending incremental file list
.bash
.bash_history
.bash_logout
.bash_profile
.bashrc

sent 22,910 bytes  received 111 bytes  46,042.00 bytes/sec
total size is 22,573  speedup is 0.98
sending incremental file list
.bash
.bash_history
.bash_logout
.bash_profile
.bashrc

sent 23,553 bytes  received 111 bytes  15,776.00 bytes/sec
total size is 23,216  speedup is 0.98
sending incremental file list
.bash
.bash_history
.bash_logout
.bash_profile
.bashrc

sent 23,553 bytes  received 111 bytes  15,776.00 bytes/sec
total size is 23,216  speedup is 0.98
sending incremental file list
.bash_history

sent 1,041 bytes  received 143 bytes  789.33 bytes/sec
total size is 23,320  speedup is 19.70
sending incremental file list
.bash
.bash_history
.bash_logout
.bash_profile
.bashrc

sent 23,657 bytes  received 111 bytes  47,536.00 bytes/sec
total size is 23,320  speedup is 0.98
sending incremental file list
.bash_history

sent 1,041 bytes  received 143 bytes  789.33 bytes/sec
total size is 23,320  speedup is 19.70
sending incremental file list
.bash_history

sent 1,041 bytes  received 143 bytes  2,368.00 bytes/sec
total size is 23,320  speedup is 19.70
sending incremental file list
.bash_history

sent 1,041 bytes  received 143 bytes  2,368.00 bytes/sec
total size is 23,320  speedup is 19.70
sending incremental file list
.bash_history

sent 1,041 bytes  received 143 bytes  2,368.00 bytes/sec
total size is 23,320  speedup is 19.70
sending incremental file list

sent 118 bytes  received 12 bytes  86.67 bytes/sec
total size is 23,320  speedup is 179.38
sending incremental file list

sent 118 bytes  received 12 bytes  260.00 bytes/sec
total size is 23,320  speedup is 179.38
sending incremental file list

sent 118 bytes  received 12 bytes  260.00 bytes/sec
total size is 23,320  speedup is 179.38
sending incremental file list
.bash_history

sent 1,041 bytes  received 143 bytes  789.33 bytes/sec
total size is 23,320  speedup is 19.70
sending incremental file list
.bash
.bash_history
.bash_logout
.bash_profile
.bashrc

sent 23,657 bytes  received 111 bytes  47,536.00 bytes/sec
total size is 23,320  speedup is 0.98
sending incremental file list
.bash_history

sent 1,041 bytes  received 143 bytes  789.33 bytes/sec
total size is 23,320  speedup is 19.70
sending incremental file list
.bash_history

sent 836 bytes  received 149 bytes  656.67 bytes/sec
total size is 23,811  speedup is 24.17
sending incremental file list
.bash_history

sent 836 bytes  received 149 bytes  1,970.00 bytes/sec
total size is 23,811  speedup is 24.17
sending incremental file list
.bash_history

sent 836 bytes  received 149 bytes  1,970.00 bytes/sec
total size is 23,811  speedup is 24.17
sending incremental file list
.bash_history

sent 836 bytes  received 149 bytes  1,970.00 bytes/sec
total size is 23,811  speedup is 24.17
sending incremental file list
.bash_history

sent 836 bytes  received 149 bytes  1,970.00 bytes/sec
total size is 23,811  speedup is 24.17
sending incremental file list
.bash_history

sent 836 bytes  received 149 bytes  1,970.00 bytes/sec
total size is 23,811  speedup is 24.17
sending incremental file list
.bash_history

sent 872 bytes  received 149 bytes  2,042.00 bytes/sec
total size is 23,847  speedup is 23.36
sending incremental file list
.bash_history

sent 884 bytes  received 149 bytes  25.51 bytes/sec
total size is 23,859  speedup is 23.10
sending incremental file list

sent 118 bytes  received 12 bytes  3.21 bytes/sec
total size is 23,859  speedup is 183.53
sending incremental file list
.bash_history

sent 884 bytes  received 149 bytes  688.67 bytes/sec
total size is 23,859  speedup is 23.10
sending incremental file list
.bash_history

sent 884 bytes  received 149 bytes  158.92 bytes/sec
total size is 23,859  speedup is 23.10
sending incremental file list
.bash_history

sent 884 bytes  received 149 bytes  158.92 bytes/sec
total size is 23,859  speedup is 23.10
sending incremental file list
.bash_history

sent 946 bytes  received 149 bytes  2,190.00 bytes/sec
total size is 23,922  speedup is 21.85
sending incremental file list
.bash_history

sent 974 bytes  received 149 bytes  748.67 bytes/sec
total size is 23,949  speedup is 21.33
sending incremental file list
.bash
.bash_history
.bash_logout
.bash_profile
.bashrc

sent 24,291 bytes  received 111 bytes  48,804.00 bytes/sec
total size is 23,955  speedup is 0.98
sending incremental file list
.bash_history

sent 987 bytes  received 149 bytes  757.33 bytes/sec
total size is 23,962  speedup is 21.09
sending incremental file list
.bash_history

sent 291 bytes  received 155 bytes  297.33 bytes/sec
total size is 23,962  speedup is 53.73
sending incremental file list
.bash_history

sent 305 bytes  received 155 bytes  306.67 bytes/sec
total size is 23,976  speedup is 52.12
sending incremental file list
.bash_history

sent 305 bytes  received 155 bytes  306.67 bytes/sec
total size is 23,976  speedup is 52.12
sending incremental file list
.bash_history

sent 1,015 bytes  received 149 bytes  2,328.00 bytes/sec
total size is 23,990  speedup is 20.61
sending incremental file list

sent 118 bytes  received 12 bytes  260.00 bytes/sec
total size is 23,990  speedup is 184.54
sending incremental file list
.bash_history

sent 324 bytes  received 155 bytes  319.33 bytes/sec
total size is 23,995  speedup is 50.09
sending incremental file list
.bash_history
.bash_logout
.bash_profile

sent 860 bytes  received 193 bytes  2,106.00 bytes/sec
total size is 24,252  speedup is 23.03
